[   0.000000] Linux version 4.15.0-36-generic (buildd@lg1-am64031 (cc version 7.3.0 (Ubuntu 7.3.0-16ubuntu3)) #39-Ubuntu SMP onSep 24 16:19:09 UTC 218(Ubuntu 4.15.0-36.39-generic 4.15.18)
[    0.000000] Command lie: BOT_IAG=/boot/vmlinuz-4.15.0-36-generic root=LABEL=cloudimg-rootfs ro console=tty1 console=ttyS0
[    0.000000] KERNEL supported cpus:
[    0.000000]   Intel GenuineIntel
[    0.000000]   AMD AuthenticAMD
[    0.000000]   Centaur CentaurHauls
[    0.000000] x86/fpu: Supporting XSAVE feature 0x001: 'x87 floating point registers'
[    0.000000] x86/fpu: Supporting XSAVE feature 0x002: 'SSE registers'
[    0.000000] x86/fpu: Supporting XSAVE feature 0x004: 'AVX registers'
[    0.000000] x86/fpu: xstate_offset[2]:  576, xstate_sizes[2]:  256
[    0.000000] x86/fpu: Enabled xstate features 0x7, context size is 832 bytes, using 'standard' format.
[    0.000000] e820: BIOS-provided physical RAM map:
[    0.000000] BIOS-e820: [mem 0x0000000000000000-0x000000000009fbff] usable
[    0.000000] BIOS-e820: [mem 0x000000000009fc00-0x000000000009ffff] reserved
[    0.000000] BIOS-820: [mem 0x00000000000f0000-0x00000000000fffff] reserved
[    0.000000] BIOS-e820: [mem 0x0000000000100000-0x000000003ffeffff] usable
[    0.000000] BIOS-e820: [mem 0x000000003fff0000-0x000000003ffffff] ACPI data
[    0.000000] BIOS-e820: [mem 0x00000000fec00000-0x00000000fec00ff] resrvd
[  0.0000] BOSe820[mem x0000000fee00000-0x00000000fee00fff] reserved
[    0.000000] BIOS-e820: [mem 0x00000000fffc000-0x00000000ffffffff] reserved
[    0.000000] NX (Execue Disable) protectn: actie
[  0.000000] SMBIOS 2.5prsent
    000000] DMI: innotek GmbH VirtualBox/VirtualBox, BIOS VirtualBox 12/01/2006
[    0.000000] Hypervisor detected: KVM
[    0.000000] e820: last_pfn = 0x3fff0 max_arch_pfn = 0x400000000
[    0.000000] MTRR: Disabled
[    00000]x86PA: MTRRs disabled, skipping PAT niialization too.
[    0.000000] CPU MTRRs all blank - virtualized system.
[    0.000000] x86/PAT: Configuration [0-7]: WB  WT  UC- UC  WB  WT  UC- UC  
[    0.000000] foundSMP M-tble at [mem 0x0009fff0-0x0009ffff] mapped at [        (ptrval)]
[    0.000000] Scanning 1 areas for low memory corruption
[    0.000000] RAMDISK: [mem 0x35ae1000-0x36d67fff]
[   .000000] ACPI: Early table checksum verification disabled
[    0.000000] ACPI: RSDP 0x00000000000000 0000 (v02 OX  )[   0.00000] ACPI: XSDT0x000003FFF0030 00003C (v01 VBOX   VBOXXSDT 00000001 ASL  000006)
[    0.00000]ACPI: FACP 0x00000003FF0F00000F4 (04VBOX  VBXFACP 00000001 ASL  00000061)
[   .00000 ACPI: DSDT 0x000000003FFF0470 0021FF (v02 VBOX   VBOXBIOS 00000002 INTL 20100528)
[    0.000000] ACPI: FAS 0x000000FFF0200 000040
[    0.000000] ACPI: FACS 0x000000003FFF0200 000040
[    0.000000] ACPI: APIC 0x000000003FFF0240 00005C (v02 VBOX   VBOXAPIC 00000001 ASL  00000061)
[    0.000000] ACPI: SSDT 0x000000003FFF02A0 0001CC (v01 VBOX   VBOXCPUT 00000002 INTL 20100528)
[    0.000000] No NUMA configuration found
[    0.000000] Faking a node at [mem 0x0000000000000000-0x000000003ffeffff]
[    0.000000] NODE_DATA(0) allocated [mem 0x3ffc5000-0x3ffeffff]
[    0.000000] kvm-clock: cpu 0, msr 0:3ff44001, primary cpu clock
[    0.000000] kvm-cock: Ung ms 4b564d0 ad 4b4d00
[   0.000000] kvm-clock: using sched offset of 16442814036 cycles
[    0.000000] clocksource: kvm-clock: mask: 0xffffffffffffffff max_cycles: 0x1cd42e4dffb, max_idle_ns: 881590591483 ns
[    0.000000] Zone ranges:
[    0.000000]   DMA      [mem 0x0000000000001000-0x0000000000ffffff]
[    0.000000]   DMA32   mem 0000000001000000-0x000000003ffeffff]
[    0.000000]   Normal   empty
[    0.000000]   Device   empty
[    0.000000] Movable zone start for each node
[    0.000000] Early memory node ranges
[    0.0000]   od  0:[mem x0000000001000-0x000000000009ff]
[  0.000000]   node   0: [mem 0x0000000000100000-0x000000003ffeffff]
[    0.000000] Initmem setup node 0 [mem 0x0000000000001000-0x000000003ffeffff]
[    0.000000] Reserved but unavailable: 98 pages
[    0.000000] ACPI: PM-Timer IO Port: 0x4008
[    0.000000] IOAPC[0]: apic_id 2, version 32, address 0xfec00000, GSI 0-23
[    0.000000] ACPI: INT_SRC_OVR (bus 0 bus_irq 0 global_irq 2 dl fl)
[  0.0000] ACI: INT_SRC_OVR (bus 0 bus_irq 9 global_irq 9 lowlevel)
[   0.0000] sing PI (ADT) fr SM cnfiguration information
[    0.000000] smpboot: Allowing 2 CPUs, 0 hotplug CPUs
[    0.000000] PM: Registered nosave memory: [mem 0x000000-0x000fff]
[    0.00000]PM:Reisted nosave memy: [mem 0x0009f000-0x0009fff]
[  0.0000] PM Risteed nsae memory: [mem 0x0000000x00effff]
[    0.000000] PM: Registered nosave memory: [mem 0x000f0000-0x000fffff]
[    0.000000] e820: [mem 0x40000000-0xfebfffff] available for PCI devices
[    0.000000] Booting paravirtualized kernel on KVM
[    0.000000] clocksource: refined-jiffies: mask: 0xffffffff max_cycles: 0xffffffff, max_idle_ns: 7645519600211568 ns
[    0.000000] random: get_random_bytes called from start_kernel+0x99/0x4fd with crng_init=0
[    0.000000] setup_percpu: NR_CPUS:8192 nr_cpumask_bits:2 nr_cpu_ids:2 nr_node_ids:1
[    0.000000] percpu: Embedded 46 pages/cpu @        (ptrval) s151552 r8192 d28672 u1048576
[    0.000000] PV qspinlock hash table entries: 256 (order: 0, 4096 bytes)
[    0.000000] Built 1 zonelists, mobility grouping on.  Total pages: 257913
[     0.00000] Pliy zoe:DMA32
[    0.000000] Kernel command line: BOOT_IMAGE=/boot/vmlinuz-4.15.0-36-generic root=LABEL=cloudimg-rootfs ro console=tty1 console=ttyS0
[    0.000000] Memory: 983612K/1048120K available (12300K kernel code, 2472K rwdata, 4248K rodata, 2408K init, 2416K bss, 64508K reserved, 0K cma-reserved)
[   0.0000] SLB:HWalign=64, Order=0-3, MinObjects=0, CPUs=2, Nodes=1
[    0.000000] Kernel/User page tables isoltin: naled
[   .000000] ftrace: allocating 39168 entries in 154 ages
[   0.004000] HierarchicalRC implementation.
[    0.004000] 	RCU restricting CPUs from NR_CPUS=8192 to nr_cpu_ids=2.
[    0.004000] 	Tasks RCU enabled.
[    .04000] RCU: Adjusting geometry for rcu_fanout_leaf=16, nr_cpu_ids=2
[    0.004000] NR_IRQS: 524544, nr_irqs: 440, preallocated irqs: 16
[    0.004000] Console: colour VGA+ 80x25
[    0.004000] console [tty1] enabled
[    0.004000] console [ttyS0] enabled
[   .00400 ACP: ore revsin 17081
[    0.004000] ACPI: 2 ACPI AML tables successfully acquired and loaded
[    0.004000] APIC: Switch to symmetric I/O mode setup
[    0.004000] x2apic enabled
[    0.004000] Switched APIC routing to physical x2apic.
[    0.004693] ..TIMER: vector=0x30 apic1=0 pin1=2 apic2=-1 pin2=-1
[   0.008007] tsc: Detected 2594.108 MHz processor
[    0.012016] Calibrating delay loop (skipped) preset value.. 5188.21 BogoMIPS (lpj=10376432)
[    0.016006] pid_max: default: 32768 minimum: 301
[    0.017260] Security Framework initialized
[    0.020004] Yama: becoming mindful.
[    0.020970] AppArmor: AppArmor initialized
[    0.023184] Dentry cache hash table entries: 131072 (order: 8, 1048576 bytes)
[    0.024085] Inode-cache hash table entries: 65536 (order: 7, 524288 bytes)
[    0.025849] Mount-cache hash table entries: 2048 (order: 2, 16384 bytes)
[    0.028016] Mountpoint-cache hash table entries: 2048 (order: 2, 16384 bytes)
[    0.032286] mce: CPU supports 0 MCE banks
[    0.033012] Last level iTLB entries: 4KB 512, 2MB 8, 4MB 8
[    0.036010] Last level dTLB entries: 4KB 512, 2MB 32, 4MB 32, 1GB 0
[    0.040010] Spectre V2 : Mitigation: Full generic retpoline
[    0.044008] Spectre V2 : Spectre v2 / SpectreRSB mitigation: Filling RSB on context switch
[    0.048010] Speculative Store Bypass: Vulnerable
[    0.052142] Freeing SMP alternatives memory: 36K
[    0.060000] smpboot: CPU0: Intel(R) Core(TM) i5-3320M CPU @ 2.60GHz (family: 0x6, model: 0x3a, stepping: 0x9)
[    0.060124] Performance Events: unsupported p6 CPU model 58 no PMU driver, software events only.
[    0.061626] Hierarchical SRCU implementation.
[    0.064619] NMI watchdog: Perf event create on CPU 0 failed with -2
[    0.068018] NMI watchdog: Perf NMI watchdog permanently disabled
[    0.069107] smp: Bringing up secondary CPUs ...
[    0.070057] x86: Booting SMP configuration:
[    0.072004] .... node  #0, CPUs:      #1
[    0.004000] kvm-clock: cpu 1, msr 0:3ff44041, secondary cpu clock
[    0.004000] mce: CPU supports 0 MCE banks
[    0.078337] smp: Brought up 1 node, 2 CPUs
[    0.080021] smpboot: Max logical packages: 1
[    0.084018] smpboot: Total of 2 processors activated (10376.43 BogoMIPS)
[    0.092068] devtmpfs: initialized
[    0.096081] x86/mm: Memory block size: 128MB
[    0.096975] evm: security.selinux
[    0.100008] evm: security.SMACK64
[    0.100601] evm: security.SMACK64EXEC
[    0.101251] evm: security.SMACK64TRANSMUTE
[    0.104003] evm: security.SMACK64MMAP
[    0.104658] evm: security.apparmor
[    0.108004] evm: security.ima
[    0.110605] evm: security.capability
[    0.112136] clocksource: jiffies: mask: 0xffffffff max_cycles: 0xffffffff, max_idle_ns: 7645041785100000 ns
[    0.116013] futex hash table entries: 512 (order: 3, 32768 bytes)
[    0.120079] pinctrl core: initialized pinctrl subsystem
[    0.125745] RTC time: 21:22:21, date: 10/25/18
[    0.132014] NET: Registered protocol family 16
[    0.136104] audit: initializing netlink subsys (disabled)
[    0.139067] audit: type=2000 audit(1540502554.217:1): state=initialized audit_enabled=0 res=1
[    0.144013] cpuidle: using governor ladder
[    0.148013] cpuidle: using governor menu
[    0.148767] ACPI: bus type PCI registered
[    0.149460] acpiphp: ACPI Hot Plug PCI Controller Driver version: 0.5
[    0.152163] PCI: Using configuration type 1 for base access
[    0.157157] HugeTLB registered 2.00 MiB page size, pre-allocated 0 pages
[    0.160162] ACPI: Added _OSI(Module Device)
[    0.164012] ACPI: Added _OSI(Processor Device)
[    0.168010] ACPI: Added _OSI(3.0 _SCP Extensions)
[    0.172013] ACPI: Added _OSI(Processor Aggregator Device)
[    0.176012] ACPI: Added _OSI(Linux-Dell-Video)
[    0.180005] ACPI: Added _OSI(Linux-Lenovo-NV-HDMI-Audio)
[    0.181256] ACPI: Executed 1 blocks of module-level executable AML code
[    0.188607] ACPI: Interpreter enabled
[    0.192034] ACPI: (supports S0 S5)
[    0.192656] ACPI: Using IOAPIC for interrupt routing
[    0.196313] PCI: Using host bridge windows from ACPI; if necessary, use "pci=nocrs" and report a bug
[    0.200206] ACPI: Enabled 2 GPEs in block 00 to 07
[    0.209032] ACPI: PCI Root Bridge [PCI0] (domain 0000 [bus 00-ff])
[    0.212023] acpi PNP0A03:00: _OSC: OS supports [ASPM ClockPM Segments MSI]
[    0.216068] acpi PNP0A03:00: _OSC: not requesting OS control; OS requires [ExtendedConfig ASPM ClockPM MSI]
[    0.220023] acpi PNP0A03:00: fail to add MMCONFIG information, can't access extended PCI configuration space under this bridge.
[    0.224536] PCI host bridge to bus 0000:00
[    0.225684] pci_bus 0000:00: root bus resource [io  0x0000-0x0cf7 window]
[    0.227515] pci_bus 0000:00: root bus resource [io  0x0d00-0xffff window]
[    0.228011] pci_bus 0000:00: root bus resource [mem 0x000a0000-0x000bffff window]
[    0.229988] pci_bus 0000:00: root bus resource [mem 0x40000000-0xfdffffff window]
[    0.232015] pci_bus 0000:00: root bus resource [bus 00-ff]
[    0.238710] pci 0000:00:01.1: legacy IDE quirk: reg 0x10: [io  0x01f0-0x01f7]
[    0.240013] pci 0000:00:01.1: legacy IDE quirk: reg 0x14: [io  0x03f6]
[    0.242993] pci 0000:00:01.1: legacy IDE quirk: reg 0x18: [io  0x0170-0x0177]
[    0.244013] pci 0000:00:01.1: legacy IDE quirk: reg 0x1c: [io  0x0376]
[    0.273206] pci 0000:00:07.0: quirk: [io  0x4000-0x403f] claimed by PIIX4 ACPI
[    0.276033] pci 0000:00:07.0: quirk: [io  0x4100-0x410f] claimed by PIIX4 SMB
[    0.302762] ACPI: PCI Interrupt Link [LNKA] (IRQs 5 9 10 *11)
[    0.304425] ACPI: PCI Interrupt Link [LNKB] (IRQs 5 9 *10 11)
[    0.308141] ACPI: PCI Interrupt Link [LNKC] (IRQs 5 *9 10 11)
[    0.309230] ACPI: PCI Interrupt Link [LNKD] (IRQs 5 9 10 *11)
[    0.312556] SCSI subsystem initialized
[    0.316072] pci 0000:00:02.0: vgaarb: setting as boot VGA device
[    0.320000] pci 0000:00:02.0: vgaarb: VGA device added: decodes=io+mem,owns=io+mem,locks=none
[    0.320024] pci 0000:00:02.0: vgaarb: bridge control possible
[    0.324009] vgaarb: loaded
[    0.328070] ACPI: bus type USB registered
[    0.332086] usbcore: registered new interface driver usbfs
[    0.336028] usbcore: registered new interface driver hub
[    0.344011] usbcore: registered new device driver usb
[    0.348115] EDAC MC: Ver: 3.0.0
[    0.348932] PCI: Using ACPI for IRQ routing
[    0.349141] NetLabel: Initializing
[    0.349755] NetLabel:  domain hash size = 128
[    0.352008] NetLabel:  protocols = UNLABELED CIPSOv4 CALIPSO
[    0.356039] NetLabel:  unlabeled traffic allowed by default
[    0.360100] clocksource: Switched to clocksource kvm-clock
[    .37547VF: skuoasdqot.6
  0.76] FS:Dqt-ache has tlentes51(oer, 4096 bytes)
[   1.438]ApAror ApAorilysemnaed
[    1.934715] pnp: PnP ACPI init
[   9348 p: P PIfod deces
[  2442] clocksource: acpi_pm: mask: 0xffffff max_cycles: 0xffffff, max_idle_ns: 2085701024 ns
[    2.589741] NET: Registered protocol family 2

[   2.16] CPstablheha tlentie: 8192 (rd:  636yt)
[    3.365062] TCP bind hash table entries: 8192 (order: 5, 131072 bytes)
[    3.372874] TCP: Hashables configured (established 8192 bind 8192)
[  3.50] P shab eri: 2 rd:  16384 bytes)
[    4.72170] UDP-Lite hash table entries: 512 (order: 2, 16384 bytes)
[    4.105210] NET: Registered protocol family 1
[    4.106412] pci 0000:00:00.0: Limiting direct PCI/PCI transfers
[    4.108058] pci 0000:00:01.0: Activating ISA DMA hang wrkouds[  4592] pci 0000:00:02.0: Video device with shadowed ROM at [mem 0x000c0000-0x000dffff]
[   4366Unckg niamf..

[    5.132964] Freeing initrd memory: 18972K
[    5.141796] platform rtc_cmos: registered platform RTC device (no PNP device found)
[    5.155907] Scanning for low memory corruption every 60 seconds
[    5.172598] Initialise system trusted keyrings
[    5.184696] Key type blacklist registered
[    5.219105] workingset: timestamp_bits=36 max_order=18 bucket_order=0
[    5.255072] zbud: loaded
[    5.296836] squashfs: version 4.0 (2009/01/31) Phillip Lougher
[    5.346666] fuse init (API version 7.26)
[    5.356895] Key type asymmetric registered
[    5.372667] Asymmetric key parser 'x509' registered
[    5.400378] Block layer SCSI generic (bsg) driver version 0.4 loaded (major 24)
[    5.492616] io scheduler noop registered
[    5.497210] io scheduler deadline registered
[    5.520815] io scheduler cfq registered (default)
[    5.537143] ACPI: AC Adapter [AC] (on-line)
[    5.541301] input: Power Button as /devices/LNXSYSTM:00/LNXPWRBN:00/input/input0
[    5.557641] ACPI: Power Button [PWRF]
[    5.565172] input: Sleep Button as /devices/LNXSYSTM:00/LNXSLPBN:00/input/input1
[    5.573271] ACPI: Sleep Button [SLPF]
[    5.575112] ACPI: Battery Slot [BAT0] (battery pesnt

[   5.02] erl:82/155 dve,  pts IQ sharing enabled

[    5.702988] 00:02: ttyS0 at I/O 0x3f8 (irq = 4, base_baud = 115200) is a 16550A
[    6.236009] Linux agpgart interface v0.103
[    6.278055] tsc: Refined TSC clocksource calibration: 2593.839 MHz
[    6.279753] loop: module loaded
[    6.280672] scsi host0: ata_piix
[    6.280788] scsi host1: ata_piix
[    6.280832] ata1: PATA max UDMA/33 cmd 0x1f0 ctl 0x3f6 bmdma 0xd000 irq 14
[    6.280833] ata2: PATA max UDMA/33 cmd 0x170 ctl 0x376 bmdma 0xd008 irq 15
[    6.280948] libphy: Fixed MDIO Bus: probed
[    6.280949] tun: Universal TUN/TAP device driver, 1.6
[    6.281385] PPP generic driver version 2.4.2
[    6.281449] ehci_hcd: USB 2.0 'Enhanced' Host Controller (EHCI) Driver
[    6.281454] ehci-pci: EHCI PCI platform driver
[    6.282704] ehci-pci 0000:00:0b.0: EHCI Host Controller
[    6.282714] ehci-pci 0000:00:0b.0: new USB bus registered, assigned bus number 1
[    6.284421] ehci-pci 0000:00:0b.0: irq 19, io mem 0xf0840000
[    6.300242] ehci-pci 0000:00:0b.0: USB 2.0 started, EHCI 1.00
[    6.300347] usb usb1: New USB device found, idVendor=1d6b, idProduct=0002
[   3034] sb usb1: New USB device strings: Mfr=3, Product=2, SerialNumber=1
[    6.300351] usb usb1: oduct: EHCI Host Controller
[    6.300352] usb usb1: Manufacturer: Linux 4.15.0-36-generic ehci_hcd
[    6.300354] usb usb1: SerialNumber: 0000:00:0b.0
[    6.300512] hub 1-0:1.0: USB hub found
[    6.300521] hub 1-0:1.0: 12 ports detected
[    6.300881] ehci-platform: EHCI generic platform driver
[    6.300898] ohci_hcd: USB 1.1 'Open' Host Controller (OHCI) Driver
[    6.300903] ohci-pci: OHCI PCI platform driver
[    6.301942] ohci-pci 0000:00:06.0: OHCI PCI host controller
[    6.301953] ohci-pci 0000:00:06.0: new USB bus registered, assigned bus number 2
[    6.302052] ohci-pci 0000:00:06.0: irq 22, io mem 0xf0804000
[    6.361922] usb usb2: New USB device found, idVendor=1d6b, idProduct=0001
[    6.361923] usb usb2: New USB device strings: Mfr=3, Product=2, SerialNumber=1
[    6.361925] usb usb2: Product: OHCI PCI host controller
[    6.361926] usb usb2: Manufacturer: Linux 4.15.0-36-generic ohci_hcd
[    6.361927] usb usb2: SerialNumber: 0000:00:06.0
[    6.362068] hub 2-0:1.0: USB hub found
[    6.362090] hub 2-0:1.0: 12 ports detected
[    6.362528] ohci-platform: OHCI generic platform driver
[    6.362542] uhci_hcd: USB Universal Host Controller Interface driver
[    6.362602] i8042: PNP: PS/2 Controller [PNP0303:PS2K,PNP0f03:PS2M] at 0x60,0x64 irq 1,12
[    6.376803] serio: i8042 KBD port at 0x60,0x64 irq 1
[    6.376811] serio: i8042 AUX port at 0x60,0x64 irq 12
[    6.376945] mousedev: PS/2 mouse device common for all mice
[    6.377263] input: AT Translated Set 2 keyboard as /devices/platform/i8042/serio0/input/input2
[    6.377643] rtc_cmos rtc_cmos: rtc core: registered rtc_cmos as rtc0
[    6.377716] rtc_cmos rtc_cmos: alarms up to one day, 114 bytes nvram
[    6.377724] i2c /dev entries driver
[    6.377729] pcie_mp2_amd: AMD(R) PCI-E MP2 Communication Driver Version: 1.0
[    6.377806] device-mapper: uevent: version 1.0.3
[    6.377863] device-mapper: ioctl: 4.37.0-ioctl (2017-09-20) initialised: dm-devel@redhat.com
[    6.840248] usb 1-1: new high-speed USB device number 2 using ehci-pci
[    7.040669] clocksource: tsc: mask: 0xffffffffffffffff max_cycles: 0x2563801553e, max_idle_ns: 440795232479 ns
[    7.047783] ledtrig-cpu: registered to indicate activity on CPUs
[    7.275239] NET: Registered protocol family 10
[    7.303453] Segment Routing with IPv6
[    7.314379] NET: Registered protocol family 17
[    7.317151] Key type dns_resolver registered
[    7.333945] RAS: Correctable Errors collector initialized.
[    7.347856] sched_clock: Marking stable (7347721002, 0)->(14462134984, -7114413982)
[    7.359480] registered taskstats version 1
[    7.362971] Loading compiled-in X.509 certificates
[    7.366842] Loaded X.509 cert 'Build time autogenerated kernel key: fcd93cd0852f7ae1da10896371e06e3c19479c00'
[    7.381371] zswap: loaded using pool lzo/zbud
[    7.386464] Key type big_key registered
[    7.395753] Key type trusted registered
[    7.408036] Key type encrypted registered
[    7.411431] AppArmor: AppArmor sha1 policy hashing enabled
[    7.431752] ima: No TPM chip found, activating TPM-bypass! (rc=-19)
[    7.516254] ima: Allocated hash algorithm: sha1
[    7.536391] evm: HMAC attrs: 0x1
[    7.544330]   Magic number: 6:954:399
[    7.555712] rtc_cmos rtc_cmos: setting system clock to 2018-10-25 21:22:30 UTC (1540502550)
[    7.576534] BIOS EDD facility v0.16 2004-Jun-25, 0 devices found
[    7.625737] EDD information not available.
[    7.690415] Freeing unused kernel memory: 2408K
[    7.705998] usb 1-1: New USB device found, idVendor=2b3e, idProduct=ace2
[    7.735709] usb 1-1: New USB device strings: Mfr=1, Product=2, SerialNumber=3
[    7.751568] usb 1-1: Product: ChipWhisperer Lite
[    7.764589] usb 1-1: Manufacturer: NewAE Technology Inc.
[    7.765651] usb 1-1: SerialNumber: 44203120484d39433130353232323035
[    7.780439] Write protecting the kernel read-only data: 20480k
[    7.789576] Freeing unused kernel memory: 2008K
[    7.892191] Freeing unused kernel memory: 1896K
[    8.075934] x86/mm: Checked W+X mappings: passed, no W+X pages found.
[    8.092958] x86/mm: Checking user space page tables
[    8.099632] x86/mm: Checked W+X mappings: passed, no W+X pages found.
Loading, please wait...
starting version 237
[    8.217738] e1000: Intel(R) PRO/1000 Network Driver - version 7.3.21-k8-NAPI
[    8.231104] e1000: Copyright (c) 1999-2006 Intel Corporation.
[    8.254002] Fusion MPT base driver 3.04.20
[    8.259440] Copyright (c) 1999-2008 LSI Corporation
[    8.272039] AVX version of gcm_enc/dec engaged.
[    8.284761] AES CTR mode by8 optimization enabled
[    8.332564] Fusion MPT SPI Host driver 3.04.20
[    8.493550] input: ImExPS/2 Generic Explorer Mouse as /devices/platform/i8042/serio1/input/input4
[    8.685194] e1000 0000:00:03.0 eth0: (PCI:33MHz:32-bit) 02:0d:76:ba:5b:1c
[    9.325407] e1000 0000:00:03.0 eth0: Intel(R) PRO/1000 Network Connection
[    9.345552] mptbase: ioc0: Initiating bringup
[   10.182270] ioc0: LSI53C1030 A0: Capabilities={Initiator}
[   11.276916] scsi host2: ioc0: LSI53C1030 A0, FwRev=00000000h, Ports=1, MaxQ=256, IRQ=20
[   12.075958] scsi 2:0:0:0: Direct-Access     VBOX     HARDDISK         1.0  PQ: 0 ANSI: 5
[   12.424543] scsi target2:0:0: Beginning Domain Validation
[   12.447415] random: fast init done
[   12.476910] scsi target2:0:0: Domain Validation skipping write tests
[   12.477175] e1000 0000:00:08.0 eth1: (PCI:33MHz:32-bit) 08:00:27:79:0d:56
[   12.477182] e1000 0000:00:08.0 eth1: Intel(R) PRO/1000 Network Connection
[   12.515484] scsi target2:0:0: Ending Domain Validation
[   12.515676] random: systemd-udevd: uninitialized urandom read (16 bytes read)
[   12.515704] random: systemd-udevd: uninitialized urandom read (16 bytes read)
[   12.515711] random: systemd-udevd: uninitialized urandom read (16 bytes read)
[   12.541531] e1000 0000:00:03.0 enp0s3: renamed from eth0
[   12.575043] scsi target2:0:0: asynchronous
[   12.615225] scsi 2:0:1:0: Direct-Access     VBOX     HARDDISK         1.0  PQ: 0 ANSI: 5
[   12.627012] e1000 0000:00:08.0 enp0s8: renamed from eth1
[   12.708069] scsi target2:0:1: Beginning Domain Validation
[   12.831559] scsi target2:0:1: Domain Validation skipping write tests
[   13.051645] scsi target2:0:1: Ending Domain Validation
[   13.324716] scsi target2:0:1: asynchronous
[   13.329152] sd 2:0:0:0: Attached scsi generic sg0 type 0
[   13.366413] sd 2:0:0:0: [sda] 20971520 512-byte logical blocks: (10.7 GB/10.0 GiB)
[   13.382972] sd 2:0:1:0: Attached scsi generic sg1 type 0
[   13.411029] sd 2:0:0:0: [sda] Write Protect is off
[   13.411965] sd 2:0:1:0: [sdb] 20480 512-byte logical blocks: (10.5 MB/10.0 MiB)
[   13.419444] sd 2:0:1:0: [sdb] Write Protect is off
[   13.427870] sd 2:0:0:0: [sda] Incomplete mode parameter data
[   13.438371] sd 2:0:0:0: [sda] Assuming drive cache: write through
[   13.441018] sd 2:0:1:0: [sdb] Incomplete mode parameter data
[   13.452997] sd 2:0:1:0: [sdb] Assuming drive cache: write through
[   13.482132]  sda: sda1
[   13.485001] sd 2:0:0:0: [sda] Attached SCSI disk
[   13.573835] sd 2:0:1:0: [sdb] Attached SCSI disk
Begin: Loading essential drivers ... [   15.484366] raid6: sse2x1   gen()  8546 MB/s
[   15.588380] raid6: sse2x1   xor()  6332 MB/s
[   15.660398] raid6: sse2x2   gen() 10390 MB/s
[   15.752398] raid6: sse2x2   xor()  6934 MB/s
[   15.848026] raid6: sse2x4   gen() 12306 MB/s
[   15.896417] raid6: sse2x4   xor()  6923 MB/s
[   15.908529] raid6: using algorithm sse2x4 gen() 12306 MB/s
[   15.913031] raid6: .... xor() 6923 MB/s, rmw enabled
[   15.949141] raid6: using ssse3x2 recovery algorithm
[   15.964143] xor: automatically using best checksumming function   avx       
[   15.975496] async_tx: api initialized (async)
done.
Begin: Running /scripts/init-premount ... done.
Begin: Mounting root file system ... Begin: Running /scripts/local-top ... done.
Begin: Running /scripts/local-premount ... [   16.058794] Btrfs loaded, crc32c=crc32c-intel
Scanning for Btrfs filesystems
done.
Warning: fsck not present, so skipping root file system
[   16.709156] EXT4-fs (sda1): mounted filesystem with ordered data mode. Opts: (null)
done.
Begin: Running /scripts/local-bottom ... done.
Begin: Running /scripts/init-bottom ... done.
[   17.940487] random: crng init done
[   17.977873] random: 7 urandom warning(s) missed due to ratelimiting
[   22.754177] ip_tables: (C) 2000-2006 Netfilter Core Team
[   23.169231] systemd[1]: systemd 237 running in system mode. (+PAM +AUDIT +SELINUX +IMA +APPARMOR +SMACK +SYSVINIT +UTMP +LIBCRYPTSETUP +GCRYPT +GNUTLS +ACL +XZ +LZ4 +SECCOMP +BLKID +ELFUTILS +KMOD -IDN2 +IDN -PCRE2 default-hierarchy=hybrid)
[   23.275231] systemd[1]: Detected virtualization oracle.
[   23.276205] systemd[1]: Detected architecture x86-64.

Welcome to [1mUbuntu 18.04.1 LTS[0m!

[   23.383257] systemd[1]: Set hostname to <ubuntu-bionic>.
[   33.709455] systemd[1]: Started Forward Password Requests to Wall Directory Watch.
[[0;32m  OK  [0m] Started Forward Password Requests to Wall Directory Watch.
[   33.877501] systemd[1]: Created slice System Slice.
[[0;32m  OK  [0m] Created slice System Slice.
[   33.907996] systemd[1]: Listening on udev Kernel Socket.
[[0;32m  OK  [0m] Listening on udev Kernel Socket.
[   33.917809] systemd[1]: Listening on udev Control Socket.
[[0;32m  OK  [0m] Listening on udev Control Socket.
[   33.972916] systemd[1]: Listening on LVM2 metadata daemon socket.
[[0;32m  OK  [0m] Listening on LVM2 metadata daemon socket.
[   33.982834] systemd[1]: Listening on Network Service Netlink Socket.
[[0;32m  OK  [0m] Listening on Network Service Netlink Socket.
[   33.986977] systemd[1]: Listening on Journal Socket (/dev/log).
[[0;32m  OK  [0m] Listening on Journal Socket (/dev/log).
[   33.999911] systemd[1]: Listening on Journal Audit Socket.
[[0;32m  OK  [0m] Listening on Journal Audit Socket.
[   34.092486] systemd[1]: Reached target User and Group Name Lookups.
[[0;32m  OK  [0m] Reached target User and Group Name Lookups.
[   34.212818] systemd[1]: Listening on /dev/initctl Compatibility Named Pipe.
[[0;32m  OK  [0m] Listening on /dev/initctl Compatibility Named Pipe.
[[0;32m  OK  [0m] Listening on Syslog Socket.
[[0;32m  OK  [0m] Created slice User and Session Slice.
[[0;32m  OK  [0m] Reached target Slices.
[[0;32m  OK  [0m] Reached target Swap.
[[0;32m  OK  [0m] Listening on LVM2 poll daemon socket.
[[0;32m  OK  [0m] Set up automount Arbitrary Executab…rmats File System Automount Point.
[[0;32m  OK  [0m] Listening on Device-mapper event daemon FIFOs.
[[0;32m  OK  [0m] Created slice system-serial\x2dgetty.slice.
[[0;32m  OK  [0m] Reached target System Time Synchronized.
[[0;32m  OK  [0m] Listening on Journal Socket.
         Mounting POSIX Message Queue File System...
         Mounting Kernel Debug File System...
         Starting Uncomplicated firewall...
         Starting Create list of required st…ce nodes for the current kernel...
         Mounting Huge Pages File System...
         Starting Load Kernel Modules...
         Starting Monitoring of LVM2 mirrors…ng dmeventd or progress polling...
         Starting Set the console keyboard layout...
         Starting udev Coldplug all Devices...
         Starting Remount Root and Kernel File Systems...
         Starting Journal Service...
[[0;32m  OK  [0m] Started Uncomplicated firewall.
[[0;32m  OK  [0m] Started Create list of required sta…vice nodes for the current kernel.
         Starting Create Static Device Nodes in /dev...
[[0;32m  OK  [0m] Started udev Coldplug all Devices.
[[0;32m  OK  [0m] Started Journal Service.
[   35.874940] Loading iSCSI transport class v2.0-870.
[   36.269704] iscsi: registered transport (tcp)
[   37.238769] iscsi: registered transport (iser)
[[0;32m  OK  [0m] Started Load Kernel Modules.
         Mounting FUSE Control File System...
         Starting Apply Kernel Variables...
         Mounting Kernel Configuration File System...
[[0;32m  OK  [0m] Started Create Static Device Nodes in /dev.
[[0;32m  OK  [0m] Mounted POSIX Message Queue File System.
[[0;32m  OK  [0m] Mounted Kernel Debug File System.
[[0;32m  OK  [0m] Mounted Huge Pages File System.
[[0;32m  OK  [0m] Started Remount Root and Kernel File Systems.
[[0;32m  OK  [0m] Mounted FUSE Control File System.
[[0;32m  OK  [0m] Started Apply Kernel Variables.
[[0;32m  OK  [0m] Mounted Kernel Configuration File System.
[[0;32m  OK  [0m] Started Set the console keyboard layout.
[[0;32m  OK  [0m] Started LVM2 metadata daemon.
         Starting udev Kernel Device Manager...
         Starting Load/Save Random Seed...
         Starting Flush Journal to Persistent Storage...
         Starting Initial cloud-init job (pre-networking)...
[[0;32m  OK  [0m] Started Load/Save Random Seed.
[[0;32m  OK  [0m] Started Monitoring of LVM2 mirrors,…sing dmeventd or progress polling.
[[0;32m  OK  [0m] Reached target Local File Systems (Pre).
[[0;32m  OK  [0m] Reached target Local File Systems.
         Starting Set console font and keymap...
         Starting ebtables ruleset management...
         Starting Tell Plymouth To Write Out Runtime Data...
         Starting AppArmor initialization...
[[0;32m  OK  [0m] Started Set console font and keymap.
[[0;32m  OK  [0m] Started Tell Plymouth To Write Out Runtime Data.
[[0;32m  OK  [0m] Started ebtables ruleset management.
[[0;32m  OK  [0m] Started udev Kernel Device Manager.
[[0;32m  OK  [0m] Started Dispatch Password Requests to Console Directory Watch.
[[0;32m  OK  [0m] Reached target Local Encrypted Volumes.
[[0;32m  OK  [0m] Started Flush Journal to Persistent Storage.
         Starting Create Volatile Files and Directories...
[[0;32m  OK  [0m] Found device /dev/ttyS0.
[[0;32m  OK  [0m] Started Create Volatile Files and Directories.
         Starting Update UTMP about System Boot/Shutdown...
[[0;32m  OK  [0m] Listening on Load/Save RF Kill Switch Status /dev/rfkill Watch.
[[0;32m  OK  [0m] Started Update UTMP about System Boot/Shutdown.
[[0;32m  OK  [0m] Started AppArmor initialization.
[   72.354342] cloud-init[422]: Cloud-init v. 18.3-9-g2e62cb8a-0ubuntu1~18.04.2 running 'init-local' at Thu, 25 Oct 2018 21:23:34 +0000. Up 72.02 seconds.
[[[0;32m  OK  [0m] Started Initial cloud-init job (pre-networking).
[[0;32m  OK  [0m] Reached target Network (Pre).
         Starting Network Service...
[[0;32m  OK  [0m] Started Network Service.
         Starting Network Name Resolution...
         Starting Wait for Network to be Configured...
[[0;32m  OK  [0m] Started Network Name Resolution.
[[0;32m  OK  [0m] Reached target Network.
[[0;32m  OK  [0m] Reached target Host and Network Name Lookups.
[[0;32m  OK  [0m] Started Wait for Network to be Configured.
         Starting Initial cloud-init job (metadata service crawler)...
[   76.151432] cloud-init[662]: Cloud-init v. 18.3-9-g2e62cb8a-0ubuntu1~18.04.2 running 'init' at Thu, 25 Oct 2018 21:23:38 +0000. Up 75.17 seconds.
[   76.157237] cloud-init[662]: ci-info: ++++++++++++++++++++++++++++++++++++++Net device info++++++++++++++++++++++++++++++++++++++
[   76.161900] cloud-init[662]: ci-info: +--------+------+----------------------------+---------------+--------+-------------------+
[   76.165469] cloud-init[662]: ci-info: | Device |  Up  |          Address           |      Mask     | Scope  |     Hw-Address    |
[   76.169062] cloud-init[662]: ci-info: +--------+------+----------------------------+---------------+--------+-------------------+
[   76.173720] cloud-init[662]: ci-info: | enp0s3 | True |         10.0.2.15          | 255.255.255.0 | global | 02:0d:76:ba:5b:1c |
[   76.177748] cloud-init[662]: ci-info: | enp0s3 | True | fe80::d:76ff:feba:5b1c/64  |       .       |  link  | 02:0d:76:ba:5b:1c |
[   76.196641] cloud-init[662]: ci-info: | enp0s8 | True |       192.168.33.10        | 255.255.255.0 | global | 08:00:27:79:0d:56 |
[[0;32m  OK  [0m[   76.278027] ] cloud-initStarted Initial cloud-init job (metadata service crawler).[662]: 
ci-info: | enp0s8 | True | fe80::a00:27ff:fe79:d56/64 |       .       |  link  | 08:00:27:79:0d:56 |
[[   76.372390] cloud-init[662]: ci-info: |   lo   | True |         127.0.0.1          |   255.0.0.0   |  host  |         .         |
[   76.372680] cloud-init[662]: ci-info: |   lo   | True |          ::1/128           |       .       |  host  |         .         |
[0;32m  OK  [0m] Reached target Cloud-config availability.
[   76.372915] cloud-init[662]: ci-info: +--------+------+----------------------------+---------------+--------+-------------------+
[[   76.500380] cloud-init[662]: ci-info: +++++++++++++++++++++++++++++Route IPv4 info+++++++++++++++++++++++++++++
[   76.500630] cloud-init[662]: ci-info: +-------+--------------+----------+-----------------+-----------+-------+
[0;32m  OK  [0m] Reached target System Initialization.
[   76.500863] cloud-init[662]: ci-info: | Route | Destination  | Gateway  |     Genmask     | Interface | Flags |
[   76.593997] cloud-init[662]: ci-info: +-------+--------------+----------+-----------------+-----------+-------+
[   76.647316] cloud-init[662]: ci-info: |   0   |   0.0.0.0    | 10.0.2.2 |     0.0.0.0     |   enp0s3  |   UG  |
[[0;32m  OK  [0m[   76.650932] ] cloud-initListening on Open-iSCSI iscsid Socket.[662]: 
ci-info: |   1   |   10.0.2.0   | 0.0.0.0  |  255.255.255.0  |   enp0s3  |   U   |
[   76.708434] cloud-init[662]: ci-info: |   2   |   10.0.2.2   | 0.0.0.0  | 255.255.255.255 |   enp0s3  |   UH  |
[[   76.761219] cloud-init[662]: ci-info: |   3   | 192.168.33.0 | 0.0.0.0  |  255.255.255.0  |   enp0s8  |   U   |
[   76.761408] cloud-init[662]: ci-info: +-------+--------------+----------+-----------------+-----------+-------+
[   76.761636] cloud-init[662]: ci-info: +++++++++++++++++++Route IPv6 info+++++++++++++++++++
[   76.761949] cloud-init[662]: ci-info: +-------+-------------+---------+-----------+-------+
[   76.762101] cloud-init[662]: ci-info: | Route | Destination | Gateway | Interface | Flags |
[   76.762281] cloud-init[662]: ci-info: +-------+-------------+---------+-----------+-------+
[   76.762502] cloud-init[662]: ci-info: |   1   |  fe80::/64  |    ::   |   enp0s8  |   U   |
[   76.762966] cloud-init[662]: ci-info: |   2   |  fe80::/64  |    ::   |   enp0s3  |   U   |
[   76.763405] cloud-init[662]: ci-info: |   4   |    local    |    ::   |   enp0s3  |   U   |
[   76.763627] cloud-init[662]: ci-info: |   5   |    local    |    ::   |   enp0s8  |   U   |
[   76.763842] cloud-init[662]: ci-info: |   6   |   ff00::/8  |    ::   |   enp0s8  |   U   |
[   76.764296] cloud-init[662]: ci-info: |   7   |   ff00::/8  |    ::   |   enp0s3  |   U   |
[   76.764508] cloud-init[662]: ci-info: +-------+-------------+---------+-----------+-------+
[0;32m  OK  [0m] Started Message of the Day.
[[0;32m  OK  [0m] Started Discard unused blocks once a week.
[[0;32m  OK  [0m] Listening on D-Bus System Message Bus Socket.
[[0;32m  OK  [0m] Started Daily apt download activities.
[[0;32m  OK  [0m] Started Daily apt upgrade and clean activities.
[[0;32m  OK  [0m] Listening on UUID daemon activation socket.
         Starting Socket activation for snappy daemon.
         Starting LXD - unix socket.
[[0;32m  OK  [0m] Started ACPI Events Check.
[[0;32m  OK  [0m] Reached target Paths.
[[0;32m  OK  [0m] Started Daily Cleanup of Temporary Directories.
[[0;32m  OK  [0m] Reached target Timers.
[[0;32m  OK  [0m] Listening on ACPID Listen Socket.
[[0;32m  OK  [0m] Reached target Network is Online.
         Starting Availability of block devices...
[[0;32m  OK  [0m] Reached target Remote File Systems (Pre).
[[0;32m  OK  [0m] Reached target Remote File Systems.
[[0;32m  OK  [0m] Listening on Socket activation for snappy daemon.
[[0;32m  OK  [0m] Listening on LXD - unix socket.
[[0;32m  OK  [0m] Started Availability of block devices.
[[0;32m  OK  [0m] Reached target Sockets.
[[0;32m  OK  [0m] Reached target Basic System.
         Starting LXD - container startup/shutdown...
         Starting Permit User Sessions...
[[0;32m  OK  [0m] Started Deferred execution scheduler.
         Starting LSB: Record successful boot for GRUB...
         Starting Virtualbox guest utils...
         Starting OpenBSD Secure Shell server...
         Starting Login Service...
         Starting LSB: automatic crash report generation...
         Starting System Logging Service...
[[0;32m  OK  [0m] Started irqbalance daemon.
[[0;32m  OK  [0m] Started D-Bus System Message Bus.
[[0;32m  OK  [0m] Started Login Service.
[[0;32m  OK  [0m] Started Unattended Upgrades Shutdown.
         Starting Accounts Service...
[[0;32m  OK  [0m] Started FUSE filesystem for LXC.
         Starting Dispatcher daemon for systemd-networkd...
[[0;32m  OK  [0m] Started Regular background program processing daemon.
         Starting Snappy daemon...
[[0;32m  OK  [0m] Started System Logging Service.
[[0;32m  OK  [0m] Started Permit User Sessions.
[[0;32m  OK  [0m] Started OpenBSD Secure Shell server.
         Starting Authorization Manager...
         Starting Terminate Plymouth Boot Screen...
         Starting Hold until boot process finishes up...
[[0;32m  OK  [0m] Started Terminate Plymouth Boot Screen.
[[0;32m  OK  [0m] Started Hold until boot process finishes up.
         Starting Set console scheme...
[[0;32m  OK  [0m] Started Serial Getty on ttyS0.
[[0;32m  OK  [0m] Started LSB: automatic crash report generation.
[[0;32m  OK  [0m] Started Set console scheme.
[[0;32m  OK  [0m] Started LSB: Record successful boot for GRUB.
[[0;32m  OK  [0m] Started Authorization Manager.
[[0;32m  OK  [0m] Started Accounts Service.
[[0;32m  OK  [0m] Created slice system-getty.slice.
[[0;32m  OK  [0m] Started Getty on tty1.
[[0;32m  OK  [0m] Reached target Login Prompts.
[[0;32m  OK  [0m] Started LXD - container startup/shutdown.
[[0;32m  OK  [0m] Started Virtualbox guest utils.
[[0;32m  OK  [0m] Started Dispatcher daemon for systemd-networkd.
[[0;32m  OK  [0m] Started Snappy daemon.
         Starting Wait until snapd is fully seeded...
[[0;32m  OK  [0m] Started Wait until snapd is fully seeded.
[[0;32m  OK  [0m] Reached target Multi-User System.
[[0;32m  OK  [0m] Reached target Graphical Interface.
         Starting Update UTMP about System Runlevel Changes...
         Starting Apply the settings specified in cloud-config...
[[0;32m  OK  [0m] Created slice User Slice of vagrant.
         Starting User Manager for UID 1000...
[[0;32m  OK  [0m] Started Update UTMP about System Runlevel Changes.
[[0;32m  OK  [0m] Started Session 1 of user vagrant.
[[0;32m  OK  [0m] Started User Manager for UID 1000.
[   81.014654] cloud-init[1165]: Cloud-init v. 18.3-9-g2e62cb8a-0ubuntu1~18.04.2 running 'modules:config' at Thu, 25 Oct 2018 21:23:43 +0000. Up 80.64 seconds.
[[0;32m  OK  [0m] Started Apply the settings specified in cloud-config.
         Starting Execute cloud user/final scripts...
[   81.896511] cloud-init[1262]: Cloud-init v. 18.3-9-g2e62cb8a-0ubuntu1~18.04.2 running 'modules:final' at Thu, 25 Oct 2018 21:23:44 +0000. Up 81.70 seconds.
[   81.975311] cloud-init[1262]: Cloud-init v. 18.3-9-g2e62cb8a-0ubuntu1~18.04.2 finished at Thu, 25 Oct 2018 21:23:44 +0000. Datasource DataSourceNoCloud [seed=/dev/sdb][dsmode=net].  Up 81.88 seconds
[[0;32m  OK  [0m] Started Execute cloud user/final scripts.
[[0;32m  OK  [0m] Reached target Cloud-init target.
         Starting Daily apt download activities...

Ubuntu 18.04.1 LTS ubuntu-bionic ttyS0

ubuntu-bionic login:          Stopping b         Stopping Virtualbox guest utils...
         Stopping LXD - container startup/shutdown...
         Stopping System Logging Service...
[[0;32m  OK  [0m] Stopped Apply the settings specified in cloud-config.
[[0;32m  OK  [0m] Stopped target Cloud-config availability.
[[0;32m  OK  [0m] Stopped target Network is Online.
[[0;32m  OK  [0m] Stopped Wait until snapd is fully seeded.
         Stopping Snappy daemon...
[[0;32m  OK  [0m] Stopped Daily Cleanup of Temporary Directories.
         Stopping Accounts Service...
[[0;32m  OK  [0m] Unmounted /var/lib/lxcfs.
[[0;32m  OK  [0m] Stopped Deferred execution scheduler.
[[0;32m  OK  [0m] Stopped System Logging Service.
[[0;32m  OK  [0m] Stopped irqbalance daemon.
[[0;32m  OK  [0m] Stopped Accounts Service.
[[0;32m  OK  [0m] Stopped Dispatcher daemon for systemd-networkd.
[[0;32m  OK  [0m] Stopped Regular background program processing daemon.
[[0;32m  OK  [0m] Stopped Snappy daemon.
[[0;32m  OK  [0m] Stopped OpenBSD Secure Shell server.
[[0;32m  OK  [0m] Stopped Authorization Manager.
[[0;32m  OK  [0m] Stopped Serial Getty on ttyS0.
[[0;32m  OK  [0m] Stopped Getty on tty1.
[[0;32m  OK  [0m] Stopped User Manager for UID 1000.
[[0;32m  OK  [0m] Stopped Availability of block devices.
[[0;32m  OK  [0m] Stopped Unattended Upgrades Shutdown.
[[0;32m  OK  [0m] Stopped D-Bus System Message Bus.
[[0;32m  OK  [0m] Stopped FUSE filesystem for LXC.
[[0;32m  OK  [0m] Stopped Session 3 of user vagrant.
[[0;32m  OK  [0m] Removed slice system-getty.slice.
[[0;32m  OK  [0m] Removed slice system-serial\x2dgetty.slice.
[[0;32m  OK  [0m] Stopped LSB: Record successful boot for GRUB.
[[0;32m  OK  [0m] Stopped LSB: automatic crash report generation.
[[0;32m  OK  [0m] Stopped Virtualbox guest utils.
[[0;32m  OK  [0m] Stopped LXD - container startup/shutdown.
[[0;32m  OK  [0m] Stopped Session 23 of user vagrant.
[[0;32m  OK  [0m] Removed slice User Slice of vagrant.
         Stopping Login Service...
         Stopping Permit User Sessions...
[[0;32m  OK  [0m] Stopped Permit User Sessions.
[[0;32m  OK  [0m] Stopped target Network.
         Stopping Network Name Resolution...
[[0;32m  OK  [0m] Stopped target Remote File Systems.
[[0;32m  OK  [0m] Stopped target Remote File Systems (Pre).
[[0;32m  OK  [0m] Stopped Network Name Resolution.
[[0;32m  OK  [0m] Stopped Login Service.
[[0;32m  OK  [0m] Stopped target Basic System.
[[0;32m  OK  [0m] Stopped target Paths.
[[0;32m  OK  [0m] Stopped ACPI Events Check.
[[0;32m  OK  [0m] Stopped target Sockets.
[[0;32m  OK  [0m] Closed LXD - unix socket.
[[0;32m  OK  [0m] Closed Open-iSCSI iscsid Socket.
[[0;32m  OK  [0m] Closed Syslog Socket.
[[0;32m  OK  [0m] Closed ACPID Listen Socket.
[[0;32m  OK  [0m] Closed Socket activation for snappy daemon.
[[0;32m  OK  [0m] Closed UUID daemon activation socket.
[[0;32m  OK  [0m] Closed D-Bus System Message Bus Socket.
[[0;32m  OK  [0m] Stopped target Slices.
[[0;32m  OK  [0m] Removed slice User and Session Slice.
[[0;32m  OK  [0m] Stopped target User and Group Name Lookups.
[[0;32m  OK  [0m] Stopped target System Initialization.
[[0;32m  OK  [0m] Stopped Initial cloud-init job (metadata service crawler).
[[0;32m  OK  [0m] Stopped target Local Encrypted Volumes.
[[0;32m  OK  [0m] Stopped Dispatch Password Requests to Console Directory Watch.
[[0;32m  OK  [0m] Stopped Forward Password Requests to Wall Directory Watch.
         Stopping Load/Save Random Seed...
         Stopping Update UTMP about System Boot/Shutdown...
         Stopping Network Service...
[[0;32m  OK  [0m] Stopped Load/Save Random Seed.
[[0;32m  OK  [0m] Stopped Update UTMP about System Boot/Shutdown.
[[0;32m  OK  [0m] Stopped Create Volatile Files and Directories.
[[0;32m  OK  [0m] Stopped target Local File Systems.
         Unmounting /vagrant...
         Unmounting /run/user/1000...
[[0;32m  OK  [0m] Stopped Network Service.
[[0;32m  OK  [0m] Unmounted /vagrant.
[[0;32m  OK  [0m] Unmounted /run/user/1000.
[[0;32m  OK  [0m] Stopped target Swap.
[[0;32m  OK  [0m] Reached target Unmount All Filesystems.
[[0;32m  OK  [0m] Stopped target Local File Systems (Pre).
         Stopping Monitoring of LVM2 mirrors…ng dmeventd or progress polling...
[[0;32m  OK  [0m] Stopped Create Static Device Nodes in /dev.
[[0;32m  OK  [0m] Stopped target Network (Pre).
[[0;32m  OK  [0m] Stopped Initial cloud-init job (pre-networking).
[[0;32m  OK  [0m] Stopped Remount Root and Kernel File Systems.
[[0;32m  OK  [0m] Stopped Apply Kernel Variables.
[[0;32m  OK  [0m] Stopped Load Kernel Modules.
[[0;32m  OK  [0m] Reached target Shutdown.
[[0;32m  OK  [0m] Reached target Final Step.
         Starting Power-Off...
[[0;32m  OK  [0m] Stopped Monitoring of LVM2 mirrors,…sing dmeventd or progress polling.
         Stopping LVM2 metadata daemon...
[[0;32m  OK  [0m] Stopped LVM2 metadata daemon.
[58454.303948] reboot: Power down
