[  0000000] Initializing cgroup subsys cpuset
[    0.000000] Initializing cgroup subsys cpu
[    0.000000] Initializing cgroup subsys cpuacct
[    0.000000] Linux version 4.4.0-137-generic (buildd@lgw01-amd64-037) (gcc version 5.4.0 20160609 (Ubuntu 5.4.0-6ubuntu1~16.04.10) ) #163-Ubuntu SMP Mon Sep 24 13:14:43 UTC 2018 (Ubuntu 4.4.0-137.163-generic 4.4.144)
[    0.000000] Command line: BOOT_IMAGE=/boot/vmlinuz-4.4.0-137-generic root=LABEL=cloudimg-rootfs ro console=tty1 console=ttyS0
[    0.000000] KERNEL supported cpus:
[   0.0000  ntl GeinIntel
[    0.0000] AMD AthntAMD
   0000000]   Centaur CentaurHauls
[    0.000000] x6/pu xtateofet[2]  76xstae_sies2]:  256
[   .0000] x86/fpu: Supporting XSAVE feature 0x01: 'x87 floating point registers'
[    0.000000] x86/fpu: Supporting XSAVE feature 0x02: 'SSE registers'
[    0.000000] x86/fpu: Supporting XSAVE feature 0x04: 'AVX registers'
[    0.000000] x86/fpu: Enabled xstate features 0x7, context size is 832 bytes, using 'standard' format.
[    0.000000] e820: BIOS-provided physical RAM map:
[    0.000000] BIOS-e820: [mem 0x0000000000000000-0x000000000009fbff] usable
[    0.000000] BIOS-e820: [mem 0x000000000009fc00-0x000000000009ffff] reserved
[    0.000000] BIOS-e820: [mem 0x00000000000f0000-0x00000000000fffff] reserved
[    0.000000] BIOS-e820: [mem 0x0000000000100000-0x000000003ffeffff] usable
[    0.000000] BIOS-e820: [mem 0x000000003fff0000-0x000000003fffffff] ACPI data
[    0.000000] BIOS-e820: [mem 0x00000000fec00000-0x00000000fec00fff] reserved
[    0.000000] BIOS-e820: [mem 0x00000000fee00000-0x00000000fee00fff] reserved
[    0.000000] BIOS-e820: [mem 0x00000000fffc0000-0x00000000ffffffff] reserved
[    0.000000] NX (Execute Disable) protection: active
[    0.000000] SMBIOS 2.5 present.
[    0.000000] Hypervisor detected: KVM
[    0.000000] e820: last_pfn = 0x3fff0 max_arch_pfn = 0x400000000
[    0.000000] MTRR: Disabled
[    0.000000] x86/PAT: MTRRs disabled, skipping PAT initialization too.
[    0.000000] CPU MTRRs all blank - virtualized system.
[    0.000000] x86/PAT: Configuration [0-7]: WB  WT  UC- UC  WB  WT  UC- UC  
[    0.000000] found SMP MP-table at [mem 0x0009fff0-0x0009ffff] mapped at [ffff88000009fff0]
[    0.000000] Scanning 1 areas for low memory corruption
[    0.000000] RAMDISK: [mem 0x3630a000-0x3717cfff]
[    0.000000] ACPI: Early table checksum verification disabled
[    0.000000] ACPI: RSDP 0x00000000000E0000 000024 (v02 VBOX  )
[    0.000000] ACPI: XSDT 0x000000003FFF0030 00003C (v01 VBOX   VBOXXSDT 00000001 ASL  00000061)
[    0.000000] ACPI: FACP 0x000000003FFF00F0 0000F4 (v04 VBOX   VBOXFACP 00000001 ASL  00000061)
[    0.000000] ACPI: DSDT 0x000000003FFF0470 0021FF (v02 VBOX   VBOXBIOS 00000002 INTL 20100528)
[    0.000000] ACPI: FACS 0x000000003FFF0200 000040
[    0.000000] ACPI: FACS 0x000000003FFF0200 000040
[    0.000000] ACPI: APIC 0x000000003FFF0240 00005C (v02 VBOX   VBOXAPIC 00000001 ASL  00000061)
[    0.000000] ACPI: SSDT 0x000000003FFF02A0 0001CC (v01 VBOX   VBOXCPUT 00000002 INTL 20100528)
[    0.000000] No NUMA configuration found
[    0.000000] Faking a node at [mem 0x0000000000000000-0x000000003ffeffff]
[    0.000000] NODE_DATA(0) allocated [mem 0x3ffeb000-0x3ffeffff]
[    0.000000] kvm-clock: Using msrs 4b564d01 and 4b564d00
[    0.000000] kvm-clock: cpu 0, msr 0:3ffe3001, primary cpu clock
[    0.000000] kvm-clock: using sched offset of 3341664115 cycles
[    0.000000] clocksource: kvm-clock: mask: 0xffffffffffffffff max_cycles: 0x1cd42e4dffb, max_idle_n: 881590591483 ns
[    0.000000] Zone ranges:
[    0.000000]   DMA      [mem 0x0000000000001000-0x0000000000ffffff]
[    0.000000]   DMA32    [mem 0x0000000001000000-0x000000003ffeffff]
[    0.000000]   Normal   empty
[    0.000000]   Device   empty
[    0.000000] Movable zone start for each node
[    0.000000] Early memory node ranges
[    0.000000]   node   0: [mem 0x0000000000001000-0x000000000009efff]
[    0.000000]   node   0: [mem 0x0000000000100000-0x000000003ffeffff]
[    0.000000] Initmem setup node 0 [mem 0x000000000001000-0x000000003ffeffff]
[    0.000000] ACPI: PM-Timer IO Port: 0x4008
[    0.000000] IOAPIC[0]: apicid2, vsin 32, addres 0ec0000 G 0-2
   0.000000] ACI: INT_SRC_OVR (bus 0 bus_irq 0 global_irq 2 dfl dfl)
[    0.000000] ACPI: INT_SRC_OVR (bus 0 bus_irq 9 global_irq 9 low level)
[    0.000000] Using ACPI (MADT) for SMP configuration information
[    0.000000] smpboot: Allowing 2 CPUs, 0 hotplug CPUs
[    0.000000] PM: Registered nosave memory: [mem 0x00000000-0x00000fff]
[    0.000000] PM: Registered nosave memory: [mem 0x0009f000-0x0009ffff]
[    0.000000] PM: Registered nosave memory: [mem 0x000a0000-0x000effff]
[    0.000000] PM: Registered nosave memory: [mem 0x000f0000-0x000fffff]
[    0.000000] e820: [mem 0x40000000-0xfebfffff] available for PCI devices
[    0.000000] Booting paravirtualized kernel on KVM
[    0.000000] clocksource: refined-jiffies: mask: 0xffffffff max_cycles: 0xffffffff, max_idle_ns: 7645519600211568 ns
[    0.000000] setup_percpu: NR_CPUS:512 nr_cpumask_bits:512 nr_cpu_ids:2 nr_node_ids:1
[    0.000000] PERCPU: Embedded 34 pages/cpu @ffff88003fc00000 s99608 r8192 d31464 u1048576
[    0.000000] PV qspinlock hash table entries: 256 (order: 0, 4096 bytes)
[    0.000000] Built 1 zonelists in Node order, mobility grouping on.  Total pages: 257912
[    0.000000] Policy zone: DMA32
[    0.000000] Kernel command line: BOOT_IMAGE=/boot/vmlinuz-4.4.0-137-generic root=LABEL=cloudimg-rootfs ro console=tty1 console=ttyS0
[    0.000000] PID hash table entries: 4096 (order: 3, 32768 bytes)
[    0.000000] Memory: 997708K/1048120K available (8555K kernel code, 1314K rwdata, 4004K rodata, 1528K init, 1316K bss, 50412K reserved, 0K cma-reserved)
[    0.000000] SLUB: HWalign=64, Order=0-3, MinObjects=0, CPUs=2, Nodes=1
[    0.000000] Kernel/User page tables isolation: enabled
[    0.000000] Hierarchical RCU implementation.
[    0.000000] 	Build-time adjustment of leaf fanout to 64.
[    0.000000] 	RCU restricting CPUs from NR_CPUS=512 to nr_cpu_ids=2.
[    0.000000] RCU: Adjusting geometry for rcu_fanout_leaf=64, nr_cpu_ids=2
[    0.000000] NR_IRQS:33024 nr_irqs:440 16
[    0.000000] Console: colour VGA+ 80x25
[    0.000000] console [tty1] enabled
[    0.000000] console [ttyS0] enabled
[   0..000000] tsc: Detected 2594.108 MHz processor
[    1.119856] Calibrating delay loop (skipped) preset value.. 5188.21 BogoMIPS (lpj=10376432)
[    1.122471] pid_max: default: 32768 minimum: 301
[    1.123866] ACPI: Core revision 20150930
[    1.126062] ACPI: 2 ACPI AML tables successfully acquired and loaded
[    1.128133] Security Framework initialized
[    1.129576] Yama: becoming mindful.
[    1.130700] AppArmor: AppArmor initialized
[    1.131930] Dentry cache hash table entries: 131072 (order: 8, 1048576 bytes)
[    1.140710] Inode-cache hash table entries: 65536 (order: 7, 524288 bytes)
[    1.142906] Mount-cache hash table entries: 2048 (order: 2, 16384 bytes)
[    1.153661] Mountpoint-cache hash table entries: 2048 (order: 2, 16384 bytes)
[    1.164273] Initializing cgroup subsys io
[    1.245233] Initializing cgroup subsys memory
[    1.333251] Initializing cgroup subsys devices
[    1.425265] Initializing cgroup subsys freezer
[    1.446244] Initializing cgroup subsys net_cls
[    1.447184] Initializing cgroup subsys perf_event
[    1.448152] Initializing cgroup subsys net_prio
[    1.449337] Initializing cgroup subsys hugetlb
[    1.450254] Initializing cgroup subsys pids
[    1.451491] mce: CPU supports 0 MCE banks
[    1.453397] Last level iTLB entries: 4KB 512, 2MB 8, 4MB 8
[    1.454477] Last level dTLB entries: 4KB 512, 2MB 32, 4MB 32, 1GB 0
[    1.458164] Spectre V2 : Mitigation: Full generic retpoline
[    1.473867] Spectre V2 : Spectre v2 mitigation: Speculation control IBPB not-supported IBRS not-supported
[    1.490171] Spectre V2 : Spectre v2 / SpectreRSB mitigation: Filling RSB on context switch
[    1.492153] Speculative Store Bypass: Vulnerable
[    1.495955] Freeing SMP alternatives memory: 32K
[    1.507226] ftrace: allocating 32265 entries in 127 pages
[    1.594188] smpboot: APIC(0) Converting physical 0 to logical package 0
[    1.614065] smpboot: Max logical packages: 1
[    1.615250] x2apic enabled
[    1.616130] Switched APIC routing to physical x2apic.
[    1.618291] ..TIMER: vector=0x30 apic1=0 pin1=2 apic2=-1 pin2=-1
[    1.724957] smpboot: CPU0: Intel(R) Core(TM) i5-3320M CPU @ 2.60GHz (family: 0x6, model: 0x3a, stepping: 0x9)
[    1.751389] Performance Events: unsupported p6 CPU model 58 no PMU driver, software events only.
[    1.773228] KVM setup paravirtual spinlock
[    1.775221] x86: Booting SMP configuration:
[    1.790665] .... node  #0, CPUs:      #1
[    1.798410] kvm-clock: cpu 1, msr 0:3ffe3041, secondary cpu clock
[    1.839201] mce: CPU supports 0 MCE banks
[    1.842003] x86: Booted up 1 node, 2 CPUs
[    1.859031] smpboot: Total of 2 processors activated (10376.43 BogoMIPS)
[    1.860670] devtmpfs: initialized
[    1.880860] evm: security.selinux
[    1.898999] evm: security.SMACK64
[    1.948653] evm: security.SMACK64EXEC
[    1.978743] evm: security.SMACK64TRANSMUTE
[    2.042812] evm: security.SMACK64MMAP
[    2.092791] evm: security.ima
[    2.124791] evm: security.capability
[    2.135434] clocksource: jiffies: mask: 0xffffffff max_cycles: 0xffffffff, max_idle_ns: 7645041785100000 ns
[    2.140513] futex hash table entries: 512 (order: 3, 32768 bytes)
[    2.152280] pinctrl core: initialized pinctrl subsystem
[    2.160812] RTC time: 19:27:55, date: 10/24/18
[    2.173169] NET: Registered protocol family 16
[    2.187462] cpuidle: using governor ladder
[    2.216045] cpuidle: using governor menu
[    2.235587] PCCT header not found.
[    2.236439] ACPI: bus type PCI registered
[    2.237290] acpiphp: ACPI Hot Plug PCI Controller Driver version: 0.5
[    2.238953] PCI: Using configuration type 1 for base access
[    2.252182] ACPI: Added _OSI(Module Device)
[    2.259855] ACPI: Added _OSI(Processor Device)
[    2.262016] ACPI: Added _OSI(3.0 _SCP Extensions)
[    2.268776] ACPI: Added _OSI(Processor Aggregator Device)
[    2.270610] ACPI: Executed 1 blocks of module-level executable AML code
[    2.277300] ACPI: Interpreter enabled
[    2.280230] ACPI: (supports S0 S5)
[    2.283676] ACPI: Using IOAPIC for interrupt routing
[    2.284842] PCI: Using host bridge windows from ACPI; if necessary, use "pci=nocrs" and report a bug
[    2.290475] ACPI: PCI Root Bridge [PCI0] (domain 0000 [bus 00-ff])
[    2.293101] acpi PNP0A03:00: _OSC: OS supports [ASPM ClockPM Segments MSI]
[    2.294397] acpi PNP0A03:00: _OSC: not requesting OS control; OS requires [ExtendedConfig ASPM ClockPM MSI]
[    2.302325] acpi PNP0A03:00: fail to add MMCONFIG information, can't access extended PCI configuration space under this bridge.
[    2.304911] PCI host bridge to bus 0000:00
[    2.317721] pci_bus 0000:00: root bus resource [io  0x0000-0x0cf7 window]
[    2.319259] pci_bus 0000:00: root bus resource [io  0x0d00-0xffff window]
[    2.323528] pci_bus 0000:00: root bus resource [mem 0x000a0000-0x000bffff window]
[    2.325129] pci_bus 0000:00: root bus resource [mem 0x40000000-0xfdffffff window]
[    2.326710] pci_bus 0000:00: root bus resource [bus 00-ff]
[    2.331565] pci 0000:00:01.1: legacy IDE quirk: reg 0x10: [io  0x01f0-0x01f7]
[    2.340639] pci 0000:00:01.1: legacy IDE quirk: reg 0x14: [io  0x03f6]
[    2.355615] pci 0000:00:01.1: legacy IDE quirk: reg 0x18: [io  0x0170-0x0177]
[    2.373187] pci 0000:00:01.1: legacy IDE quirk: reg 0x1c: [io  0x0376]
[    2.407335] pci 0000:00:07.0: quirk: [io  0x4000-0x403f] claimed by PIIX4 ACPI
[    2.415864] pci 0000:00:07.0: quirk: [io  0x4100-0x410f] claimed by PIIX4 SMB
[    2.423017] ACPI: PCI Interrupt Link [LNKA] (IRQs 5 9 10 *11)
[    2.434540] ACPI: PCI Interrupt Link [LNKB] (IRQs 5 9 *10 11)
[    2.436621] ACPI: PCI Interrupt Link [LNKC] (IRQs 5 *9 10 11)
[    2.444530] ACPI: PCI Interrupt Link [LNKD] (IRQs 5 9 10 *11)
[    2.446162] ACPI: Enabled 2 GPEs in block 00 to 07
[    2.447482] vgaarb: setting as boot device: PCI:0000:00:02.0
[    2.456308] vgaarb: device added: PCI:0000:00:02.0,decodes=io+mem,owns=io+mem,locks=none
[    2.461572] vgaarb: loaded
[    2.462238] vgaarb: bridge control possible 0000:00:02.0
[    2.463543] SCSI subsystem initialized
[    2.470993] ACPI: bus type USB registered
[    2.479034] usbcore: registered new interface driver usbfs
[    2.497135] usbcore: registered new interface driver hub
[    2.509132] usbcore: registered new device driver usb
[    2.510660] PCI: Using ACPI for IRQ routing
[    2.517292] NetLabel: Initializing
[    2.556374] NetLabel:  domain hash size = 128
[    2.580520] NetLabel:  protocols = UNLABELED CIPSOv4
[    2.588043] NetLabel:  unlabeled traffic allowed by default
[    2.589447] amd_nb: Cannot enumerate AMD northbridges
[    2.599130] clocksource: Switched to clocksource kvm-clock
[    2.613633] AppArmor: AppArmor Filesystem Enabled
[    2.621033] pnp: PnP ACPI init
[    2.622590] pnp: PnP ACPI: found 3 devices
[    2.633207] clocksource: acpi_pm: mask: 0ffffaxycs:0xfff,axdlns207024 ns
[    3.252740] NET: Registered protocol family 2

[    3.254281] TCP established hash table entries: 8192 (order: 4, 65536 bytes)
[    3.256478] TCP bind hash table entries: 8192 (order: 5,1307 bte)
[   34034 T: as tables configre(eabsh 892in81)[  4628]DPastable entries: 512 (order:2, 16384 bytes)
[    4.39982] DP-Lite hash table entries: 512 (order: 2, 16384 bytes)
[    4.465898] NET: Registered protocol family 1
[    4.468850] pci 000000.: imtingirctPCPCtrsfs  4.56] i 000:.0AcvangSAMA hang workaround
    56146Unacnginras.
[    6.292187] Freeing initrd memory: 14796K
[    6.332601] RAPL PMU detected, API unit is 2^-32 Joules, 3 fixed counters 10737418240 ms ovfl timer
[    6.459232] hw unit of domain pp0-core 2^-0 Joules
[    6.553037] hw unit of domain package 2^-0 Joules
[    6.659451] hw unit of domain pp1-gpu 2^-0 Joules
[    6.690033] platform rtc_cmos: registered platform RTC device (no PNP device found)
[    6.702834] Scanning for low memory corruption every 60 seconds
[    6.705584] audit: initializing netlink subsys (disabled)
[    6.725962] audit: type=2000 audit(1540409282.506:1): initialized
[    6.731685] Initialise system trusted keyring
[    6.741834] HugeTLB registered 2 MB page size, pre-allocated 0 pages
[    6.76107 zbud:oad
[  9680] S:isquasqu_6.0
[  7736]VFS: Duot-cache hash table entris:12orer 0, 4096 bytes)
[   6896] c:efedSC losocealraon 24.34MH

[    7.689690] clocksource: tsc: mask: 0xffffffffffffffff max_cycles: 0x25666f2543f, max_idle_ns:44075229728 ns
[    8.692847] squashfs: version 4.0 (2009/01/31) Phillip Lougher
[    8.704191] fuse init (API version 7.23)
[    8.709202] Key type big_key registered
[    8.724284] Allocating IMA MOK and blacklist keyrings.
[    8.729385] Key type asymmetric registered
[    8.735829] Asymmetric key parser 'x509' registered
[    8.736871] Block layer SCSI generic (bsg) driver version 0.4 loaded (major 249)
[    8.790081] io scheduler noop registered
[    8.792534] io scheduler deadline registered (default)
[    8.810169] io scheduler cfq registered
[    8.811112] pci_hotplug: PCI Hot Plug PCI Core version: 0.5
[    8.816116] pcieh: I xpress Ho PugCoroerrir rson0.
[    9.355474] ACPI: AC Adapter [AC] (on-line)
[    9.358310] input: Power Button as /devices/LNXSYSTM:00/LNXPWRBN:00/input/input0
[    9.360053] ACPI: Power Button [PWRF]
[    9.360947] input: Sleep Button as /devices/LNXSYSTM:00/LNXSLPBN:00/input/input1
[    9.362478] ACPI: Sleep Button SL]
[    9.460367] GHES: HEST isno ebl!
[   9.461435] ACPI: Battery Slot [BAT0] (battery present)
[    9.688178] Serial: 8250/16550 driver, 32 ports, IRQ sharing enabled
[    9.715121] 00:02: ttyS0 at I/O 0x3f8 (irq = 4, base_baud = 115200) is a 16550A
[    9.922732] Linux agpgart interface v0.103
[    9.967309] loop: module loaded
[    9.994069] scsi host0: ata_piix
[   10.008207] scsi host1: ata_piix
[   10.014506] ata1: PATA max UDMA/33 cmd 0x1f0 ctl 0x3f6 bmdma 0xd000 irq 14
[   10.019671] ata2: PATA max UDMA/33 cmd 0x170 ctl 0x376 bmdma 0xd008 irq 15
[   10.039022] libphy: Fixed MDIO Bus: probed
[   10.043281] tun: Universal TUN/TAP device driver, 1.6
[   10.046376] tun: (C) 1999-2004 Max Krasnyansky <maxk@qualcomm.com>
[   10.047620] PPP generic driver version 2.4.2
[   10.048876] ehci_hcd: USB 2.0 'Enhanced' Host Controller (EHCI) Driver
[   10.050104] ehci-pci: EHCI PCI platform driver
[   10.051024] ehci-platform: EHCI generic platform driver
[   10.052096] ohci_hcd: USB 1.1 'Open' Host Controller (OHCI) Driver
[   10.054790] ohci-pci: OHCI PCI platform driver
[   10.061721] ohci-platform: OHCI generic platform driver
[   10.062770] uhci_hcd: USB Universal Host Controller Interface driver
[   10.132000] i8042: PNP: PS/2 Controller [PNP0303:PS2K,PNP0f03:PS2M] at 0x60,0x64 irq 1,12
[   10.239171] serio: i8042 KBD port at 0x60,0x64 irq 1
[   10.242395] serio: i8042 AUX port at 0x60,0x64 irq 12
[   10.243586] mousedev: PS/2 mouse device common for all mice
[   10.247073] input: AT Translated Set 2 keyboard as /devices/platform/i8042/serio0/input/input2
[   10.251255] rtc_cmos rtc_cmos: rtc core: registered rtc_cmos as rtc0
[   10.265563] rtc_cmos rtc_cmos: alarms up to one day, 114 bytes nvram
[   10.2677] i2c/dv trs drive
  0.327] deice-mape: ve: rson 10.

[   10.995637] device-mapper: ioctl: 4.34.0-ioctl (2015-10-28) initialised: dm-devel@redhat.com
[   11.037529] ledtrig-cpu: registered to indicate activity on CPUs
[   11.059678] NET: Registered protocol family 10
[   11.072371] NET: Registered protocol family 17
[   11.093837] Key type dns_resolver registered
[   11.101960] registered taskstats version 1
[   11.103980] Loading compiled-in X.509 certificates
[   11.105685] Loaded X.509 cert 'Build time autogenerated kernel key: 20acc96b50ca7641011eace69d32209215a9b56f'
[   11.114365] zswap: loaded using pool lzo/zbud
[   11.117214] Key type trusted registered
[   11.178151] Key type encrypted registered
[   11.239934] AppArmor: AppArmor sha1 policy hashing enabled
[   11.283990] ima: No TPM chip found, activating TPM-bypass!
[   11.323707] ima: Allocated hash algorithm: sha1
[   11.379560] evm: HMAC attrs: 0x1
[   11.409958]   Magic number: 6:770:496
[   11.410850] rtc_cmos rtc_cmos: setting system clock to 2018-10-24 19:28:04 UTC (1540409284)
[   11.412749] BIOS EDD facility v0.16 2004-Jun-25, 0 devices found
[   11.475627] EDD information not available.
[   11.552859] Freeing unused kernel memory: 1528K
[   11.580170] Write protecting the kernel read-only data: 14336k
[   11.709092] Freeing unused kernel memory: 1672K
[   11.716605] Freeing unused kernel memory: 92K
Loading, please [   11.828586] random: systemd-udevd: uninitialized urandom read (16 bytes read, 3 bits of entropy available)
wait...
startin[   11.829220] random: udevadm: uninitialized urandom read (16 bytes read, 3 bits of entropy available)
g version 229
[   11.829248] random: udevadm: uninitialized urandom read (16 bytes read, 3 bits of entropy available)
[   11.840845] random: udevadm: uninitialized urandom read (16 bytes read, 3 bits of entropy available)
[   11.840897] random: udevadm: uninitialized urandom read (16 bytes read, 3 bits of entropy available)
[   11.841068] random: udevadm: uninitialized urandom read (16 bytes read, 3 bits of entropy available)
[   11.841147] random: udevadm: uninitialized urandom read (16 bytes read, 3 bits of entropy available)
[   11.841216] random: udevadm: uninitialized urandom read (16 bytes read, 3 bits of entropy available)
[   11.841291] random: udevadm: uninitialized urandom read (16 bytes read, 3 bits of entropy available)
[   11.841359] random: udevadm: uninitialized urandom read (16 bytes read, 3 bits of entropy available)
[   12.073964] Fusion MPT base driver 3.04.20
[   12.087379] Copyright (c) 1999-2008 LSI Corporation
[   12.093875] e1000: Intel(R) PRO/1000 Network Driver - version 7.3.21-k8-NAPI
[   12.109419] e1000: Copyright (c) 1999-2006 Intel Corporation.
[   12.167420] AVX version of gcm_enc/dec engaged.
[   12.189379] AES CTR mode by8 optimization enabled
[   12.198479] Fusion MPT SPI Host driver 3.04.20
[   12.337039] input: ImExPS/2 Generic Explorer Mouse as /devices/platform/i8042/serio1/input/input4
[   12.600867] e1000 0000:00:03.0 eth0: (PCI:33MHz:32-bit) 02:20:67:8c:d5:af
[   12.687055] e1000 0000:00:03.0 eth0: Intel(R) PRO/1000 Network Connection
[   12.735299] e1000 0000:00:03.0 enp0s3: renamed from eth0
[   12.740093] mptbase: ioc0: Initiating bringup
[   12.921467] ioc0: LSI53C1030 A0: Capabilities={Initiator}
[   13.522539] scsi host2: ioc0: LSI53C1030 A0, FwRev=00000000h, Ports=1, MaxQ=256, IRQ=20
[   13.824258] scsi 2:0:0:0: Direct-Access     VBOX     HARDDISK         1.0  PQ: 0 ANSI: 5
[   13.929297] scsi target2:0:0: Beginning Domain Validation
[   13.933511] scsi target2:0:0: Domain Validation skipping write tests
[   13.944154] scsi target2:0:0: Ending Domain Validation
[   13.945375] scsi target2:0:0: asynchronous
[   13.962819] scsi 2:0:1:0: Direct-Access     VBOX     HARDDISK         1.0  PQ: 0 ANSI: 5
[   13.985871] scsi target2:0:1: Beginning Domain Validation
[   13.988336] scsi target2:0:1: Domain Validation skipping write tests
[   14.029486] scsi target2:0:1: Ending Domain Validation
[   14.030768] scsi target2:0:1: asynchronous
[   14.043425] sd 2:0:0:0: [sda] 20971520 512-byte logical blocks: (10.7 GB/10.0 GiB)
[   14.043712] sd 2:0:0:0: Attached scsi generic sg0 type 0
[   14.044260] sd 2:0:1:0: Attached scsi generic sg1 type 0
[   14.044957] sd 2:0:1:0: [sdb] 20480 512-byte logical blocks: (10.5 MB/10.0 MiB)
[   14.046960] sd 2:0:1:0: [sdb] Write Protect is off
[   14.048041] sd 2:0:1:0: [sdb] Incomplete mode parameter data
[   14.048042] sd 2:0:1:0: [sdb] Assuming drive cache: write through
[   14.056239] sd 2:0:1:0: [sdb] Attached SCSI disk
[   14.274381] sd 2:0:0:0: [sda] Write Protect is off
[   14.287106] sd 2:0:0:0: [sda] Incomplete mode parameter data
[   14.299079] sd 2:0:0:0: [sda] Assuming drive cache: write through
[   14.318342]  sda: sda1
[   14.320702] sd 2:0:0:0: [sda] Attached SCSI disk
Begin: Loading e[   15.709079] md: linear personality registered for level -1
ssential drivers ... [   15.715768] md: multipath personality registered for level -4
[   15.834371] md: raid0 personality registered for level 0
[   15.859868] md: raid1 personality registered for level 1
[   15.959682] raid6: sse2x1   gen()  8235 MB/s
[   16.051710] raid6: sse2x1   xor()  6526 MB/s
[   16.211727] raid6: sse2x2   gen() 10623 MB/s
[   16.359747] raid6: sse2x2   xor()  7380 MB/s
[   16.483251] raid6: sse2x4   gen() 11055 MB/s
[   16.575272] raid6: sse2x4   xor()  8147 MB/s
[   16.632329] raid6: using algorithm sse2x4 gen() 11055 MB/s
[   16.663624] raid6: .... xor() 8147 MB/s, rmw enabled
[   16.706308] raid6: using ssse3x2 recovery algorithm
[   16.771691] xor: automatically using best checksumming function:
[   16.875845]    avx       : 20500.000 MB/sec
[   16.892044] async_tx: api initialized (async)
[   16.906726] md: raid6 personality registered for level 6
[   16.935265] md: raid5 personality registered for level 5
[   16.954499] md: raid4 personality registered for level 4
[   16.967711] md: raid10 personality registered for level 10
done.
Begin: Running /scripts/init-premount ... done.
Begin: Mounting root file system ... Begin: Running /scripts/local-top ... done.
Begin: Running /scripts/local-premount ... [   17.007960] Btrfs loaded
Scanning for Btrfs filesystems
done.
Warning: fsck no[   17.052118] EXT4-fs (sda1): INFO: recovery required on readonly filesystem
t present, so sk[   17.079792] EXT4-fs (sda1): write access will be enabled during recovery
ipping root file system
[   17.219959] EXT4-fs (sda1): recovery complete
[   17.226872] EXT4-fs (sda1): mounted filesystem with ordered data mode. Opts: (null)
done.
Begin: Running /scripts/local-bottom ... done.
Begin: Running /scripts/init-bottom ... done.
[   17.331579] systemd[1]: systemd 229 running in system mode. (+PAM +AUDIT +SELINUX +IMA +APPARMOR +SMACK +SYSVINIT +UTMP +LIBCRYPTSETUP +GCRYPT +GNUTLS +ACL +XZ -LZ4 +SECCOMP +BLKID +ELFUTILS +KMOD -IDN)
[   17.408712] systemd[1]: Detected virtualization oracle.
[   17.510815] systemd[1]: Detected architecture x86-64.

Welcome to [1mUbuntu 16.04.5 LTS[0m!

[   17.608299] systemd[1]: Set hostname to <ubuntu-xenial>.
[   17.859568] systemd[1]: Started Trigger resolvconf update for networkd DNS.
[[0;32m  OK  [0m] Started Trigger resolvconf update for networkd DNS.
[   17.951902] systemd[1]: Reached target User and Group Name Lookups.
[[0;32m  OK  [0m] Reached target User and Group Name Lookups.
[   18.071653] systemd[1]: Reached target Swap.
[[0;32m  OK  [0m] Reached target Swap.
[   18.168241] systemd[1]: Listening on Device-mapper event daemon FIFOs.
[[0;32m  OK  [0m] Listening on Device-mapper event daemon FIFOs.
[   18.250924] systemd[1]: Created slice User and Session Slice.
[[0;32m  OK  [0m] Created slice User and Session Slice.
[   18.412616] systemd[1]: Listening on LVM2 poll daemon socket.
[[0;32m  OK  [0m] Listening on LVM2 poll daemon socket.
[   18.539863] systemd[1]: Listening on Journal Socket.
[[0;32m  OK  [0m] Listening on Journal Socket.
[   18.605401] systemd[1]: Listening on udev Control Socket.
[[0;32m  OK  [0m] Listening on udev Control Socket.
[   18.634531] systemd[1]: Reached target Encrypted Volumes.
[[0;32m  OK  [0m] Reached target Encrypted Volumes.
[   18.674431] systemd[1]: Listening on /dev/initctl Compatibility Named Pipe.
[[0;32m  OK  [0m] Listening on /dev/initctl Compatibility Named Pipe.
[   18.688584] systemd[1]: Set up automount Arbitrary Executable File Formats File System Automount Point.
[[0;32m  OK  [0m] Set up automount Arbitrary Executab...ats File System Automount Point.
[   18.760057] systemd[1]: Reached target System Time Synchronized.
[[0;32m  OK  [0m] Reached target System Time Synchronized.
[   18.884986] systemd[1]: Created slice System Slice.
[[0;32m  OK  [0m] Created slice System Slice.
[   18.992403] systemd[1]: Starting Nameserver information manager...
         Starting Nameserver information manager...
[   19.123317] systemd[1]: Mounting POSIX Message Queue File System...
         Mounting POSIX Message Queue File System...
[   19.272011] systemd[1]: Starting Load Kernel Modules...
[   19.32850] oangSC tnsor class v2.-870.

         Starting Load Kernel Modules...
[   19.687895] iscsi: registered transport (tcp)
[   19.687917] systemd[1]: Created slice system-serial\x2dgetty.slice.
[[0;32m  OK  [0m] Created slice system-serial\x2dgetty.slice.
[   19.694199] systemd[1]: Mounting Debug File System...
         [   19.736954] random: nonblocking pool is initialized
Mounting Debug File System...
[   19.779411] systemd[1]: Mounting Huge Pages File System...
         Mounting Huge Pages File System...
[   19.838897] iscsi: registered transport (iser)
[   20.623680] systemd[1]: Starting Remount Root and Kernel File Systems...
[   20.629788] EXT4-fs (sda1): re-mounted. Opts: (null)
         Starting Remount Root and Kernel File Systems...
[   20.787590] systemd[1]: Reached target Slices.
[[0;32m  OK  [0m] Reached target Slices.
[   20.824119] systemd[1]: Listening on LVM2 metadata daemon socket.
[[0;32m  OK  [0m] Listening on LVM2 metadata daemon socket.
[   20.848151] systemd[1]: Listening on Journal Socket (/dev/log).
[[0;32m  OK  [0m] Listening on Journal Socket (/dev/log).
[   20.903735] systemd[1]: Starting Monitoring of LVM2 mirrors, snapshots etc. using dmeventd or progress polling...
         Starting Monitoring of LVM2 mirrors... dmeventd or progress polling...
[   21.072007] systemd[1]: Listening on udev Kernel Socket.
[[0;32m  OK  [0m] Listening on udev Kernel Socket.
[   21.200224] systemd[1]: Starting Create list of required static device nodes for the current kernel...
         Starting Create list of required st... nodes for the current kernel...
[   21.369273] systemd[1]: Listening on Journal Audit Socket.
[[0;32m  OK  [0m] Listening on Journal Audit Socket.
[   21.443565] systemd[1]: Starting Set console keymap...
         Starting Set console keymap...
[ 21516606] systemd[1]: Starting Uncomplicated firewall...
         Starting Uncomplicated firewall...
[   21.704616] systemd[1]: Listening on Syslog Socket.
[[0;32m  OK  [0m] Listening on Syslog Socket.
[   21.771723] systemd[1]: Starting Journal Service...
         Starting Journal Service...
[   21.786857] systemd[1]: Started Forward Password Requests to Wall Directory Watch.
[[0;32m  OK  [0m] Started Forward Password Requests to Wall Directory Watch.
[   21.868881] systemd[1]: Mounted Huge Pages File System.
[[0;32m  OK  [0m] Mounted Huge Pages File System.
[   21.894060] systemd[1]: Mounted POSIX Message Queue File System.
[[0;32m  OK  [0m] Mounted POSIX Message Queue File System.
[   21.910074] systemd[1]: Mounted Debug File System.
[[0;32m  OK  [0m] Mounted Debug File System.
[   21.912608] systemd[1]: Started Journal Service.
[[0;32m  OK  [0m] Started Journal Service.
[[0;32m  OK  [0m] Started Load Kernel Modules.
[[0;32m  OK  [0m] Started Remount Root and Kernel File Systems.
[[0;32m  OK  [0m] Started Create list of required sta...ce nodes for the current kernel.
[[0;32m  OK  [0m] Started Set console keymap.
[[0;32m  OK  [0m] Started Uncomplicated firewall.
[[0;32m  OK  [0m] Started Nameserver information manager.
[[0;32m  OK  [0m] Started LVM2 metadata daemon.
         Starting Create Static Device Nodes in /dev...
         Starting udev Coldplug all Devices...
         Starting Load/Save Random Seed...
         Starting Apply Kernel Variables...
         Mounting FUSE Control File System...
         Starting Flush Journal to Persistent Storage...
[[0;32m  OK  [0m] Mounted FUSE Control File System.
[[0;32m  OK  [0m] Started Monitoring of LVM2 mirrors,...ng dmeventd or progress polling.
[[0;32m  OK  [0m] Started Create Static Device Nodes in /dev.
[[0;32m  OK  [0m] Started Load/Save Random Seed.
[[0;32m  OK  [0m] Started Apply Kernel Variables.
[[0;32m  OK  [0m] Started udev Coldplug all Devices.
[[0;32m  OK  [0m] Started Flush Journal to Persistent Storage.
         Starting udev Kernel Device Manager...
[[0;32m  OK  [0m] Started udev Kernel Device Manager.
[[0;32m  OK  [0m] Started Dispatch Password Requests to Console Directory Watch.
[[0;32m  OK  [0m] Reached target Local File Systems (Pre).
[[0;32m  OK  [0m] Reached target Local File Systems.
         Starting Create Volatile Files and Directories...
         Starting Initial cloud-init joo (pre-networking)...
         Starting LSB: AppArmor initialization...
         Starting Tell Plymouth To Write Out Runtime Data...
         Starting Set console font and keymap...
[[0;32m  OK  [0m] Started Create Volatile Files and Directories.
[[0;32m  OK  [0m] Started Tell Plymouth To Write Out Runtime Data.
[[0;32m  OK  [0m] Found device /dev/ttyS0.
         Starting Update UTMP about System Boot/Shutdown...
[[0;32m  OK  [0m] Started Update UTMP about System Boot/Shutdown.
[[0;32m  OK  [0m] Listening on Load/Save RF Kill Switch Status /dev/rfkill Watch.
[[0;32m  OK  [0m] Started LSB: AppArmor initialization.
[[0;32m  OK  [0m] Found device 82540EM Gigabit Ethern...r (PRO/1000 MT Desktop Adapter).
[   22.031262] cloud-init[481]: Cloud-init v. 18.3-9-g2e62cb8a-0ubuntu1~16.04.2 running 'init-local' at Wed, 24 Oct 2018 19:28:16 +0000. Up 21.66 seconds.
[[0;32m  OK  [0m] Started Initial cloud-init job (pre-networking).
[[0;32m  OK  [0m] Started Set console font and keymap.
[[0;32m  OK  [0m] Created slice system-getty.slice.
[[0;32m  OK  [0m] Reached target Network (Pre).
[[0;32m  OK  [0m] Started ifup for enp0s3.
         Starting Raise network interfaces...
[[0;32m  OK  [0m] Started Raise network interfaces.
         Starting Initial cloud-init job (metadata service crawler)...
[[0;32m  OK  [0m] Reached target Network.
[   23.347651] cloud-init[956]: Cloud-init v. 18.3-9-g2e62cb8a-0ubuntu1~16.04.2 running 'init' at Wed, 24 Oct 2018 19:28:18 +0000. Up 22.88 seconds.
[   23.393664] cloud-init[956]: ci-info: ++++++++++++++++++++++++++++++++++++++Net device info++++++++++++++++++++++++++++++++++++++
[   23.416639] cloud-init[956]: ci-info: +--------+------+----------------------------+---------------+--------+-------------------+
[   23.416961] cloud-init[956]: ci-info: | Device |  Up  |          Address           |      Mask     | Scope  |     Hw-Address    |
[[0;32m  OK  [0m] Started Initial cloud-init job (metadata service crawler).
[   23.417544] cloud-init[956]: ci-info: +--------+------+----------------------------+---------------+--------+-------------------+
[   23.925071] cloud-init[956]: ci-info: | enp0s3 | True |         10.0.2.15          | 255.255.255.0 | global | 02:20:67:8c:d5:af |
[   23.926004] cloud-init[956]: ci-info: | enp0s3 | True | fe80::20:67ff:fe8c:d5af/64 |       .       |  link  | 02:20:67:8c:d5:af |
[[0;32m  OK  [0m] Reached target Cloud-config availability.
[   23.927236] cloud-init[956]: ci-info: |   lo   | True |         127.0.0.1          |   255.0.0.0   |  host  |         .         |
[   24.052393] cloud-init[956]: ci-info: |   lo   | True |          ::1/128           |       .       |  host  |         .         |
[[0;32m  OK  [0m] Reached target Network is Online.
[   24.052652] cloud-init[956]: ci-info: +--------+------+----------------------------+---------------+--------+-------------------+
[   24.184590] cloud-init[956]: ci-info: +++++++++++++++++++++++++++Route IPv4 info++++++++++++++++++++++++++++
[   24.275302] cloud-init[956]: ci-info: +-------+-------------+----------+---------------+-----------+-------+
[   24.276196] cloud-init[956]: ci-info: | Route | Destination | Gateway  |    Genmask    | Interface | Flags |
         Starting iSCSI initiator daemon (iscsid)...
[   24.276607] cloud-init[956]: ci-info: +-------+-------------+----------+---------------+-----------+-------+
[   24.610598] cloud-init[956]: ci-info: |   0   |   0.0.0.0   | 10.0.2.2 |    0.0.0.0    |   enp0s3  |   UG  |
[[0;32m  OK  [0m] Reached target System Initialization.
[   24.610830] cloud-init[956]: ci-info: |   1   |   10.0.2.0  | 0.0.0.0  | 255.255.255.0 |   enp0s3  |   U   |
[   24.883909] cloud-init[956]: ci-info: +-------+-------------+----------+---------------+-----------+-------+
[   24.884577] cloud-init[956]: ci-info: +++++++++++++++++++Route IPv6 info+++++++++++++++++++
         Starting Socket activation for snappy daemon.
[   24.887149] cloud-init[956]: ci-info: +-------+-------------+---------+-----------+-------+
[   24.929150] cloud-init[956]: ci-info: | Route | Destination | Gateway | Interface | Flags |
[   24.929621] cloud-init[956]: ci-info: +-------+-------------+---------+-----------+-------+
         Starting LXD - unix socket.
[   24.930258] cloud-init[956]: ci-info: |   0   |  fe80::/64  |    ::   |   enp0s3  |   U   |
[   24.945361] cloud-init[956]: ci-info: |   3   |   ff00::/8  |    ::   |   enp0s3  |   U   |
[[0;32m  OK  [0m] Listening on ACPID Listen Socket.
[   24.945557] cloud-init[956]: ci-info: +-------+-------------+---------+-----------+-------+
[[0;32m  OK  [0m] Listening on D-Bus System Message Bus Socket.
[[0;32m  OK  [0m] Started Daily Cleanup of Temporary Directories.
[[0;32m  OK  [0m] Started Daily apt download activities.
[[0;32m  OK  [0m] Started Daily apt upgrade and clean activities.
[[0;32m  OK  [0m] Reached target Timers.
[[0;32m  OK  [0m] Listening on UUID daemon activation socket.
[[0;32m  OK  [0m] Started ACPI Events Check.
[[0;32m  OK  [0m] Reached target Paths.
[[0;32m  OK  [0m] Listening on Socket activation for snappy daemon.
[[0;32m  OK  [0m] Listening on LXD - unix socket.
[[0;32m  OK  [0m] Started iSCSI initiator daemon (iscsid).
         Starting Login to default iSCSI targets...
[[0;32m  OK  [0m] Reached target Sockets.
[[0;32m  OK  [0m] Reached target Basic System.
[[0;32m  OK  [0m] Started FUSE filesystem for LXC.
[[0;32m  OK  [0m] Started ACPI event daemon.
         Starting LSB: MD monitoring daemon...
[[0;32m  OK  [0m] Started Deferred execution scheduler.
         Starting Virtualbox guest utils...
         Starting Login Service...
         Starting OpenBSD Secure Shell server...
[[0;32m  OK  [0m] Started D-Bus System Message Bus.
[[0;32m  OK  [0m] Started Unattended Upgrades Shutdown.
         Starting LSB: Record successful boot for GRUB...
         Starting /etc/rc.local Compatibility...
         Starting System Logging Service...
         Starting Accounts Service...
         Starting LXD - container startup/shutdown...
[[0;32m  OK  [0m] Started Regular background program processing daemon.
         Starting Snappy  aemon...
[[0;32m  OK  [0m] Started System Logging Service.
[[0;32m  OK  [0m] Started /etc/rc.local Compatibility.
[[0;32m  OK  [0m] Started OpenBSD Secure Shell server.
[[0;32m  OK  [0m] Started LXD - container startup/shutdown.
[[0;32m  OK  [0m] Started Login to default iSCSI targets.
[[0;32m  OK  [0m] Started LSB: MD monitoring daemon.
[[0;32m  OK  [0m] Started Snappy daemon.
[[0;32m  OK  [0m] Started LSB: Record successful boot for GRUB.
[[0;32m  OK  [0m] Started Virtualbox guest utils.
[[0;32m  OK  [0m] Started Login Service.
         Starting Authenticate and Authorize Users to Run Privileged Tasks...
         Starting Wait until snapd is fully seeded...
[[0;32m  OK  [0m] Reached target Remote File Systems (Pre).
[[0;32m  OK  [0m] Reached target Remote File Systems.
         Starting LSB: daemon to balance interrupts for SMP systems...
         Starting LSB: automatic crash report generation...
         Starting Permit User Sessions...
         Starting LSB: Set the CPU Frequency Scaling governor to "ondemand"...
[[0;32m  OK  [0m] Started Wait until snapd is fully seeded.
[[0;32m  OK  [0m] Started Permit User Sessions.
[[0;32m  OK  [0m] Started Authenticate and Authorize Users to Run Privileged Tasks.
[[0;32m  OK  [0m] Started Accounts Service.
         Starting Terminate Plymouth Boot Screen...
         Starting Hold until boot process finishes up...
         Starting Apply the settings specified in cloud-config...
[[0;32m  OK  [0m] Started LSB: daemon to balance interrupts for SMP systems.
[[0;32m  OK  [0m] Started LSB: automatic crash report generation.
[[0;32m  OK  [0m] Started LSB: Set the CPU Frequency Scaling governor to "ondemand".
[[0;32m  OK  [0m] Started Terminate Plymouth Boot Screen.
[[0;32m  OK  [0m] Started Hold until boot process finishes up.
         Starting Set console scheme...
[[0;32m  OK  [0m] Started Getty on tty1.
[[0;32m  OK  [0m] Started Serial Getty on ttyS0.
[[0;32m  OK  [0m] Reached target Login Prompts.
[[0;32m  OK  [0m] Reached target Multi-User System.
[[0;32m  OK  [0m] Reached target Graphical Interface.
         Starting Update UTMP about System Runlevel Changes...
[[0;32m  OK  [0m] Started Set console scheme.
[[0;32m  OK  [0m] Started Update UTMP about System Runlevel Changes.
[   27.118675] cloud-init[1194]: Cloud-init v. 18.3-9-g2e62cb8a-0ubuntu1~16.04.2 running 'modules:config' at Wed, 24 Oct 2018 19:28:22 +0000. Up 26.96 seconds.
[[0;32m  OK  [0m] Started Apply the settings specified in cloud-config.
         Starting Execute cloud user/final scripts...
[   27.723707] cloud-init[1219]: Cloud-init v. 18.3-9-g2e62cb8a-0ubuntu1~16.04.2 running 'modules:final' at Wed, 24 Oct 2018 19:28:22 +0000. Up 27.58 seconds.
[[0;32m  OK  [0m] Started Execute cloud user/final scripts.
[   27.836950] cloud-init[[0;32m  OK  [[1219]: Cloud-init v. 18.3-9-g2e62cb8a-0ubuntu1~16.04.2 finished at Wed, 24 Oct 2018 19:28:22 +0000. Datasource DataSourceNoCloud [seed=/dev/sdb][dsmode=net].  Up 27.71 seconds

Ubuntu 16.04.5 LTS ubuntu-xenial ttyS0

ubuntu-xenial login: 